{"C:\\Users\\julia\\Downloads\\Repositorio\\MercadoCafeteroBackend\\ecommerce-backend\\src\\app.controller.ts": {"path":"C:\\Users\\julia\\Downloads\\Repositorio\\MercadoCafeteroBackend\\ecommerce-backend\\src\\app.controller.ts","statementMap":{"0":{"start":{"line":1,"column":0},"end":{"line":1,"column":49}},"1":{"start":{"line":2,"column":0},"end":{"line":2,"column":43}},"2":{"start":{"line":5,"column":7},"end":{"line":12,"column":null}},"3":{"start":{"line":6,"column":31},"end":{"line":6,"column":43}},"4":{"start":{"line":10,"column":4},"end":{"line":10,"column":38}},"5":{"start":{"line":5,"column":13},"end":{"line":5,"column":26}},"6":{"start":{"line":9,"column":2},"end":{"line":11,"column":null}},"7":{"start":{"line":5,"column":13},"end":{"line":12,"column":null}}},"fnMap":{"0":{"name":"(anonymous_2)","decl":{"start":{"line":6,"column":2},"end":{"line":6,"column":31}},"loc":{"start":{"line":6,"column":53},"end":{"line":6,"column":57}}},"1":{"name":"(anonymous_3)","decl":{"start":{"line":9,"column":2},"end":{"line":9,"column":10}},"loc":{"start":{"line":9,"column":10},"end":{"line":11,"column":3}}}},"branchMap":{"0":{"loc":{"start":{"line":6,"column":43},"end":{"line":6,"column":56}},"type":"cond-expr","locations":[{"start":{"line":6,"column":53},"end":{"line":6,"column":56}},{"start":{"line":6,"column":53},"end":{"line":6,"column":56}}]},"1":{"loc":{"start":{"line":6,"column":43},"end":{"line":6,"column":53}},"type":"binary-expr","locations":[{"start":{"line":6,"column":43},"end":{"line":6,"column":56}},{"start":{"line":6,"column":43},"end":{"line":6,"column":53}}]}},"s":{"0":1,"1":1,"2":1,"3":1,"4":1,"5":1,"6":1,"7":1},"f":{"0":1,"1":1},"b":{"0":[1,0],"1":[1,1]}}
,"C:\\Users\\julia\\Downloads\\Repositorio\\MercadoCafeteroBackend\\ecommerce-backend\\src\\app.module.ts": {"path":"C:\\Users\\julia\\Downloads\\Repositorio\\MercadoCafeteroBackend\\ecommerce-backend\\src\\app.module.ts","statementMap":{"0":{"start":{"line":1,"column":0},"end":{"line":1,"column":40}},"1":{"start":{"line":2,"column":0},"end":{"line":2,"column":46}},"2":{"start":{"line":3,"column":0},"end":{"line":3,"column":58}},"3":{"start":{"line":4,"column":0},"end":{"line":4,"column":68}},"4":{"start":{"line":5,"column":0},"end":{"line":5,"column":54}},"5":{"start":{"line":6,"column":0},"end":{"line":6,"column":49}},"6":{"start":{"line":7,"column":0},"end":{"line":7,"column":43}},"7":{"start":{"line":8,"column":0},"end":{"line":8,"column":51}},"8":{"start":{"line":9,"column":0},"end":{"line":9,"column":48}},"9":{"start":{"line":10,"column":0},"end":{"line":10,"column":60}},"10":{"start":{"line":11,"column":0},"end":{"line":11,"column":54}},"11":{"start":{"line":12,"column":0},"end":{"line":12,"column":48}},"12":{"start":{"line":13,"column":0},"end":{"line":13,"column":54}},"13":{"start":{"line":14,"column":0},"end":{"line":14,"column":60}},"14":{"start":{"line":15,"column":0},"end":{"line":15,"column":48}},"15":{"start":{"line":16,"column":0},"end":{"line":16,"column":57}},"16":{"start":{"line":17,"column":0},"end":{"line":17,"column":79}},"17":{"start":{"line":18,"column":0},"end":{"line":18,"column":75}},"18":{"start":{"line":60,"column":7},"end":{"line":60,"column":null}},"19":{"start":{"line":60,"column":13},"end":{"line":60,"column":22}},"20":{"start":{"line":60,"column":13},"end":{"line":60,"column":null}}},"fnMap":{},"branchMap":{},"s":{"0":0,"1":0,"2":0,"3":0,"4":0,"5":0,"6":0,"7":0,"8":0,"9":0,"10":0,"11":0,"12":0,"13":0,"14":0,"15":0,"16":0,"17":0,"18":0,"19":0,"20":0},"f":{},"b":{}}
,"C:\\Users\\julia\\Downloads\\Repositorio\\MercadoCafeteroBackend\\ecommerce-backend\\src\\app.service.ts": {"path":"C:\\Users\\julia\\Downloads\\Repositorio\\MercadoCafeteroBackend\\ecommerce-backend\\src\\app.service.ts","statementMap":{"0":{"start":{"line":1,"column":0},"end":{"line":1,"column":44}},"1":{"start":{"line":4,"column":7},"end":{"line":8,"column":null}},"2":{"start":{"line":6,"column":4},"end":{"line":6,"column":26}},"3":{"start":{"line":4,"column":13},"end":{"line":4,"column":23}},"4":{"start":{"line":4,"column":13},"end":{"line":8,"column":null}}},"fnMap":{"0":{"name":"(anonymous_1)","decl":{"start":{"line":5,"column":2},"end":{"line":5,"column":10}},"loc":{"start":{"line":5,"column":10},"end":{"line":7,"column":3}}}},"branchMap":{},"s":{"0":1,"1":1,"2":1,"3":1,"4":1},"f":{"0":1},"b":{}}
,"C:\\Users\\julia\\Downloads\\Repositorio\\MercadoCafeteroBackend\\ecommerce-backend\\src\\main.ts": {"path":"C:\\Users\\julia\\Downloads\\Repositorio\\MercadoCafeteroBackend\\ecommerce-backend\\src\\main.ts","statementMap":{"0":{"start":{"line":1,"column":0},"end":{"line":1,"column":43}},"1":{"start":{"line":2,"column":0},"end":{"line":2,"column":41}},"2":{"start":{"line":3,"column":0},"end":{"line":3,"column":48}},"3":{"start":{"line":4,"column":0},"end":{"line":4,"column":47}},"4":{"start":{"line":7,"column":14},"end":{"line":7,"column":49}},"5":{"start":{"line":8,"column":24},"end":{"line":8,"column":46}},"6":{"start":{"line":11,"column":2},"end":{"line":15,"column":6}},"7":{"start":{"line":18,"column":25},"end":{"line":23,"column":19}},"8":{"start":{"line":25,"column":2},"end":{"line":30,"column":5}},"9":{"start":{"line":32,"column":15},"end":{"line":32,"column":48}},"10":{"start":{"line":33,"column":2},"end":{"line":33,"column":25}},"11":{"start":{"line":35,"column":2},"end":{"line":35,"column":51}},"12":{"start":{"line":36,"column":2},"end":{"line":36,"column":69}},"13":{"start":{"line":38,"column":0},"end":{"line":38,"column":12}}},"fnMap":{"0":{"name":"bootstrap","decl":{"start":{"line":6,"column":15},"end":{"line":6,"column":24}},"loc":{"start":{"line":6,"column":24},"end":{"line":37,"column":1}}}},"branchMap":{"0":{"loc":{"start":{"line":32,"column":15},"end":{"line":32,"column":48}},"type":"binary-expr","locations":[{"start":{"line":32,"column":15},"end":{"line":32,"column":40}},{"start":{"line":32,"column":44},"end":{"line":32,"column":48}}]}},"s":{"0":0,"1":0,"2":0,"3":0,"4":0,"5":0,"6":0,"7":0,"8":0,"9":0,"10":0,"11":0,"12":0,"13":0},"f":{"0":0},"b":{"0":[0,0]}}
,"C:\\Users\\julia\\Downloads\\Repositorio\\MercadoCafeteroBackend\\ecommerce-backend\\src\\alerts\\alerts.controller.ts": {"path":"C:\\Users\\julia\\Downloads\\Repositorio\\MercadoCafeteroBackend\\ecommerce-backend\\src\\alerts\\alerts.controller.ts","statementMap":{"0":{"start":{"line":1,"column":0},"end":{"line":1,"column":88}},"1":{"start":{"line":2,"column":0},"end":{"line":2,"column":49}},"2":{"start":{"line":3,"column":0},"end":{"line":3,"column":54}},"3":{"start":{"line":4,"column":0},"end":{"line":4,"column":56}},"4":{"start":{"line":5,"column":0},"end":{"line":5,"column":59}},"5":{"start":{"line":10,"column":7},"end":{"line":22,"column":null}},"6":{"start":{"line":11,"column":31},"end":{"line":11,"column":46}},"7":{"start":{"line":15,"column":4},"end":{"line":15,"column":47}},"8":{"start":{"line":20,"column":4},"end":{"line":20,"column":49}},"9":{"start":{"line":10,"column":13},"end":{"line":10,"column":29}},"10":{"start":{"line":14,"column":2},"end":{"line":16,"column":null}},"11":{"start":{"line":19,"column":2},"end":{"line":21,"column":null}},"12":{"start":{"line":10,"column":13},"end":{"line":22,"column":null}}},"fnMap":{"0":{"name":"(anonymous_4)","decl":{"start":{"line":11,"column":2},"end":{"line":11,"column":31}},"loc":{"start":{"line":11,"column":59},"end":{"line":11,"column":63}}},"1":{"name":"(anonymous_5)","decl":{"start":{"line":14,"column":2},"end":{"line":14,"column":16}},"loc":{"start":{"line":14,"column":16},"end":{"line":16,"column":3}}},"2":{"name":"(anonymous_6)","decl":{"start":{"line":19,"column":2},"end":{"line":19,"column":16}},"loc":{"start":{"line":19,"column":54},"end":{"line":21,"column":3}}}},"branchMap":{"0":{"loc":{"start":{"line":11,"column":46},"end":{"line":11,"column":62}},"type":"cond-expr","locations":[{"start":{"line":11,"column":59},"end":{"line":11,"column":62}},{"start":{"line":11,"column":59},"end":{"line":11,"column":62}}]},"1":{"loc":{"start":{"line":11,"column":46},"end":{"line":11,"column":59}},"type":"binary-expr","locations":[{"start":{"line":11,"column":46},"end":{"line":11,"column":62}},{"start":{"line":11,"column":46},"end":{"line":11,"column":59}}]}},"s":{"0":0,"1":0,"2":0,"3":0,"4":0,"5":0,"6":0,"7":0,"8":0,"9":0,"10":0,"11":0,"12":0},"f":{"0":0,"1":0,"2":0},"b":{"0":[0,0],"1":[0,0]}}
,"C:\\Users\\julia\\Downloads\\Repositorio\\MercadoCafeteroBackend\\ecommerce-backend\\src\\alerts\\alerts.module.ts": {"path":"C:\\Users\\julia\\Downloads\\Repositorio\\MercadoCafeteroBackend\\ecommerce-backend\\src\\alerts\\alerts.module.ts","statementMap":{"0":{"start":{"line":1,"column":0},"end":{"line":1,"column":40}},"1":{"start":{"line":2,"column":0},"end":{"line":2,"column":49}},"2":{"start":{"line":3,"column":0},"end":{"line":3,"column":55}},"3":{"start":{"line":4,"column":0},"end":{"line":4,"column":55}},"4":{"start":{"line":11,"column":7},"end":{"line":11,"column":null}},"5":{"start":{"line":11,"column":13},"end":{"line":11,"column":25}},"6":{"start":{"line":11,"column":13},"end":{"line":11,"column":null}}},"fnMap":{},"branchMap":{},"s":{"0":0,"1":0,"2":0,"3":0,"4":0,"5":0,"6":0},"f":{},"b":{}}
,"C:\\Users\\julia\\Downloads\\Repositorio\\MercadoCafeteroBackend\\ecommerce-backend\\src\\alerts\\alerts.service.ts": {"path":"C:\\Users\\julia\\Downloads\\Repositorio\\MercadoCafeteroBackend\\ecommerce-backend\\src\\alerts\\alerts.service.ts","statementMap":{"0":{"start":{"line":1,"column":0},"end":{"line":1,"column":44}},"1":{"start":{"line":2,"column":0},"end":{"line":2,"column":57}},"2":{"start":{"line":5,"column":7},"end":{"line":24,"column":null}},"3":{"start":{"line":6,"column":22},"end":{"line":6,"column":30}},"4":{"start":{"line":9,"column":4},"end":{"line":12,"column":7}},"5":{"start":{"line":17,"column":4},"end":{"line":22,"column":7}},"6":{"start":{"line":5,"column":13},"end":{"line":5,"column":26}},"7":{"start":{"line":5,"column":13},"end":{"line":24,"column":null}}},"fnMap":{"0":{"name":"(anonymous_2)","decl":{"start":{"line":6,"column":2},"end":{"line":6,"column":22}},"loc":{"start":{"line":6,"column":43},"end":{"line":6,"column":47}}},"1":{"name":"(anonymous_3)","decl":{"start":{"line":8,"column":2},"end":{"line":8,"column":7}},"loc":{"start":{"line":8,"column":22},"end":{"line":13,"column":3}}},"2":{"name":"(anonymous_4)","decl":{"start":{"line":16,"column":2},"end":{"line":16,"column":7}},"loc":{"start":{"line":16,"column":33},"end":{"line":23,"column":3}}}},"branchMap":{"0":{"loc":{"start":{"line":6,"column":30},"end":{"line":6,"column":46}},"type":"cond-expr","locations":[{"start":{"line":6,"column":43},"end":{"line":6,"column":46}},{"start":{"line":6,"column":43},"end":{"line":6,"column":46}}]},"1":{"loc":{"start":{"line":6,"column":30},"end":{"line":6,"column":43}},"type":"binary-expr","locations":[{"start":{"line":6,"column":30},"end":{"line":6,"column":46}},{"start":{"line":6,"column":30},"end":{"line":6,"column":43}}]}},"s":{"0":0,"1":0,"2":0,"3":0,"4":0,"5":0,"6":0,"7":0},"f":{"0":0,"1":0,"2":0},"b":{"0":[0,0],"1":[0,0]}}
,"C:\\Users\\julia\\Downloads\\Repositorio\\MercadoCafeteroBackend\\ecommerce-backend\\src\\auth\\auth.controller.ts": {"path":"C:\\Users\\julia\\Downloads\\Repositorio\\MercadoCafeteroBackend\\ecommerce-backend\\src\\auth\\auth.controller.ts","statementMap":{"0":{"start":{"line":1,"column":0},"end":{"line":1,"column":93}},"1":{"start":{"line":2,"column":0},"end":{"line":2,"column":45}},"2":{"start":{"line":3,"column":0},"end":{"line":3,"column":45}},"3":{"start":{"line":4,"column":0},"end":{"line":4,"column":49}},"4":{"start":{"line":5,"column":0},"end":{"line":5,"column":43}},"5":{"start":{"line":6,"column":0},"end":{"line":6,"column":48}},"6":{"start":{"line":7,"column":0},"end":{"line":7,"column":75}},"7":{"start":{"line":8,"column":0},"end":{"line":8,"column":60}},"8":{"start":{"line":9,"column":0},"end":{"line":9,"column":58}},"9":{"start":{"line":10,"column":0},"end":{"line":10,"column":54}},"10":{"start":{"line":13,"column":7},"end":{"line":69,"column":null}},"11":{"start":{"line":15,"column":21},"end":{"line":15,"column":34}},"12":{"start":{"line":16,"column":21},"end":{"line":16,"column":35}},"13":{"start":{"line":22,"column":4},"end":{"line":22,"column":42}},"14":{"start":{"line":28,"column":22},"end":{"line":28,"column":108}},"15":{"start":{"line":29,"column":22},"end":{"line":29,"column":60}},"16":{"start":{"line":30,"column":4},"end":{"line":30,"column":76}},"17":{"start":{"line":36,"column":19},"end":{"line":36,"column":42}},"18":{"start":{"line":37,"column":17},"end":{"line":37,"column":56}},"19":{"start":{"line":38,"column":4},"end":{"line":38,"column":16}},"20":{"start":{"line":44,"column":4},"end":{"line":44,"column":54}},"21":{"start":{"line":50,"column":4},"end":{"line":50,"column":47}},"22":{"start":{"line":56,"column":4},"end":{"line":56,"column":62}},"23":{"start":{"line":62,"column":4},"end":{"line":62,"column":58}},"24":{"start":{"line":67,"column":4},"end":{"line":67,"column":46}},"25":{"start":{"line":13,"column":13},"end":{"line":13,"column":27}},"26":{"start":{"line":21,"column":8},"end":{"line":23,"column":null}},"27":{"start":{"line":27,"column":8},"end":{"line":31,"column":null}},"28":{"start":{"line":35,"column":8},"end":{"line":39,"column":null}},"29":{"start":{"line":43,"column":2},"end":{"line":45,"column":null}},"30":{"start":{"line":49,"column":2},"end":{"line":51,"column":null}},"31":{"start":{"line":55,"column":8},"end":{"line":57,"column":null}},"32":{"start":{"line":61,"column":2},"end":{"line":63,"column":null}},"33":{"start":{"line":66,"column":8},"end":{"line":68,"column":null}},"34":{"start":{"line":13,"column":13},"end":{"line":69,"column":null}}},"fnMap":{"0":{"name":"(anonymous_4)","decl":{"start":{"line":14,"column":2},"end":{"line":14,"column":null}},"loc":{"start":{"line":16,"column":47},"end":{"line":17,"column":6}}},"1":{"name":"(anonymous_5)","decl":{"start":{"line":21,"column":8},"end":{"line":21,"column":16}},"loc":{"start":{"line":21,"column":41},"end":{"line":23,"column":3}}},"2":{"name":"(anonymous_6)","decl":{"start":{"line":27,"column":8},"end":{"line":27,"column":13}},"loc":{"start":{"line":27,"column":57},"end":{"line":31,"column":3}}},"3":{"name":"(anonymous_7)","decl":{"start":{"line":35,"column":8},"end":{"line":35,"column":17}},"loc":{"start":{"line":35,"column":32},"end":{"line":39,"column":3}}},"4":{"name":"(anonymous_8)","decl":{"start":{"line":43,"column":2},"end":{"line":43,"column":22}},"loc":{"start":{"line":43,"column":59},"end":{"line":45,"column":3}}},"5":{"name":"(anonymous_9)","decl":{"start":{"line":49,"column":2},"end":{"line":49,"column":15}},"loc":{"start":{"line":49,"column":45},"end":{"line":51,"column":3}}},"6":{"name":"(anonymous_10)","decl":{"start":{"line":55,"column":8},"end":{"line":55,"column":20}},"loc":{"start":{"line":55,"column":49},"end":{"line":57,"column":3}}},"7":{"name":"(anonymous_11)","decl":{"start":{"line":61,"column":2},"end":{"line":61,"column":20}},"loc":{"start":{"line":61,"column":49},"end":{"line":63,"column":3}}},"8":{"name":"(anonymous_12)","decl":{"start":{"line":66,"column":8},"end":{"line":66,"column":18}},"loc":{"start":{"line":66,"column":48},"end":{"line":68,"column":3}}}},"branchMap":{"0":{"loc":{"start":{"line":28,"column":22},"end":{"line":28,"column":108}},"type":"binary-expr","locations":[{"start":{"line":28,"column":22},"end":{"line":28,"column":52}},{"start":{"line":28,"column":56},"end":{"line":28,"column":62}},{"start":{"line":28,"column":66},"end":{"line":28,"column":95}},{"start":{"line":28,"column":99},"end":{"line":28,"column":108}}]},"1":{"loc":{"start":{"line":29,"column":22},"end":{"line":29,"column":60}},"type":"binary-expr","locations":[{"start":{"line":29,"column":22},"end":{"line":29,"column":47}},{"start":{"line":29,"column":51},"end":{"line":29,"column":60}}]},"2":{"loc":{"start":{"line":21,"column":30},"end":{"line":21,"column":null}},"type":"cond-expr","locations":[{"start":{"line":21,"column":41},"end":{"line":21,"column":null}},{"start":{"line":21,"column":41},"end":{"line":21,"column":null}}]},"3":{"loc":{"start":{"line":21,"column":30},"end":{"line":21,"column":41}},"type":"binary-expr","locations":[{"start":{"line":21,"column":30},"end":{"line":21,"column":null}},{"start":{"line":21,"column":30},"end":{"line":21,"column":41}}]},"4":{"loc":{"start":{"line":27,"column":32},"end":{"line":27,"column":43}},"type":"cond-expr","locations":[{"start":{"line":27,"column":40},"end":{"line":27,"column":43}},{"start":{"line":27,"column":40},"end":{"line":27,"column":43}}]},"5":{"loc":{"start":{"line":27,"column":32},"end":{"line":27,"column":40}},"type":"binary-expr","locations":[{"start":{"line":27,"column":32},"end":{"line":27,"column":43}},{"start":{"line":27,"column":32},"end":{"line":27,"column":40}}]},"6":{"loc":{"start":{"line":43,"column":36},"end":{"line":43,"column":null}},"type":"cond-expr","locations":[{"start":{"line":43,"column":59},"end":{"line":43,"column":null}},{"start":{"line":43,"column":59},"end":{"line":43,"column":null}}]},"7":{"loc":{"start":{"line":43,"column":36},"end":{"line":43,"column":59}},"type":"binary-expr","locations":[{"start":{"line":43,"column":36},"end":{"line":43,"column":null}},{"start":{"line":43,"column":36},"end":{"line":43,"column":59}}]},"8":{"loc":{"start":{"line":49,"column":29},"end":{"line":49,"column":null}},"type":"cond-expr","locations":[{"start":{"line":49,"column":45},"end":{"line":49,"column":null}},{"start":{"line":49,"column":45},"end":{"line":49,"column":null}}]},"9":{"loc":{"start":{"line":49,"column":29},"end":{"line":49,"column":45}},"type":"binary-expr","locations":[{"start":{"line":49,"column":29},"end":{"line":49,"column":null}},{"start":{"line":49,"column":29},"end":{"line":49,"column":45}}]},"10":{"loc":{"start":{"line":55,"column":34},"end":{"line":55,"column":null}},"type":"cond-expr","locations":[{"start":{"line":55,"column":49},"end":{"line":55,"column":null}},{"start":{"line":55,"column":49},"end":{"line":55,"column":null}}]},"11":{"loc":{"start":{"line":55,"column":34},"end":{"line":55,"column":49}},"type":"binary-expr","locations":[{"start":{"line":55,"column":34},"end":{"line":55,"column":null}},{"start":{"line":55,"column":34},"end":{"line":55,"column":49}}]},"12":{"loc":{"start":{"line":15,"column":34},"end":{"line":15,"column":null}},"type":"cond-expr","locations":[{"start":{"line":15,"column":45},"end":{"line":15,"column":null}},{"start":{"line":15,"column":45},"end":{"line":15,"column":null}}]},"13":{"loc":{"start":{"line":15,"column":34},"end":{"line":15,"column":45}},"type":"binary-expr","locations":[{"start":{"line":15,"column":34},"end":{"line":15,"column":null}},{"start":{"line":15,"column":34},"end":{"line":15,"column":45}}]},"14":{"loc":{"start":{"line":15,"column":45},"end":{"line":16,"column":null}},"type":"cond-expr","locations":[{"start":{"line":16,"column":47},"end":{"line":16,"column":null}},{"start":{"line":16,"column":47},"end":{"line":16,"column":null}}]},"15":{"loc":{"start":{"line":15,"column":45},"end":{"line":16,"column":47}},"type":"binary-expr","locations":[{"start":{"line":15,"column":45},"end":{"line":16,"column":null}},{"start":{"line":16,"column":35},"end":{"line":16,"column":47}}]}},"s":{"0":0,"1":0,"2":0,"3":0,"4":0,"5":0,"6":0,"7":0,"8":0,"9":0,"10":0,"11":0,"12":0,"13":0,"14":0,"15":0,"16":0,"17":0,"18":0,"19":0,"20":0,"21":0,"22":0,"23":0,"24":0,"25":0,"26":0,"27":0,"28":0,"29":0,"30":0,"31":0,"32":0,"33":0,"34":0},"f":{"0":0,"1":0,"2":0,"3":0,"4":0,"5":0,"6":0,"7":0,"8":0},"b":{"0":[0,0,0,0],"1":[0,0],"2":[0,0],"3":[0,0],"4":[0,0],"5":[0,0],"6":[0,0],"7":[0,0],"8":[0,0],"9":[0,0],"10":[0,0],"11":[0,0],"12":[0,0],"13":[0,0],"14":[0,0],"15":[0,0]}}
,"C:\\Users\\julia\\Downloads\\Repositorio\\MercadoCafeteroBackend\\ecommerce-backend\\src\\auth\\auth.module.ts": {"path":"C:\\Users\\julia\\Downloads\\Repositorio\\MercadoCafeteroBackend\\ecommerce-backend\\src\\auth\\auth.module.ts","statementMap":{"0":{"start":{"line":1,"column":0},"end":{"line":1,"column":40}},"1":{"start":{"line":2,"column":0},"end":{"line":2,"column":45}},"2":{"start":{"line":3,"column":0},"end":{"line":3,"column":51}},"3":{"start":{"line":4,"column":0},"end":{"line":4,"column":55}},"4":{"start":{"line":5,"column":0},"end":{"line":5,"column":40}},"5":{"start":{"line":6,"column":0},"end":{"line":6,"column":45}},"6":{"start":{"line":7,"column":0},"end":{"line":7,"column":61}},"7":{"start":{"line":8,"column":0},"end":{"line":8,"column":49}},"8":{"start":{"line":9,"column":0},"end":{"line":9,"column":52}},"9":{"start":{"line":10,"column":0},"end":{"line":10,"column":58}},"10":{"start":{"line":30,"column":7},"end":{"line":30,"column":null}},"11":{"start":{"line":30,"column":13},"end":{"line":30,"column":23}},"12":{"start":{"line":30,"column":13},"end":{"line":30,"column":null}},"13":{"start":{"line":18,"column":46},"end":{"line":21,"column":8}}},"fnMap":{"0":{"name":"(anonymous_1)","decl":{"start":{"line":18,"column":18},"end":{"line":18,"column":19}},"loc":{"start":{"line":18,"column":46},"end":{"line":21,"column":8}}}},"branchMap":{},"s":{"0":0,"1":0,"2":0,"3":0,"4":0,"5":0,"6":0,"7":0,"8":0,"9":0,"10":0,"11":0,"12":0,"13":0},"f":{"0":0},"b":{}}
,"C:\\Users\\julia\\Downloads\\Repositorio\\MercadoCafeteroBackend\\ecommerce-backend\\src\\auth\\auth.service.ts": {"path":"C:\\Users\\julia\\Downloads\\Repositorio\\MercadoCafeteroBackend\\ecommerce-backend\\src\\auth\\auth.service.ts","statementMap":{"0":{"start":{"line":1,"column":0},"end":{"line":1,"column":null}},"1":{"start":{"line":7,"column":0},"end":{"line":7,"column":57}},"2":{"start":{"line":12,"column":0},"end":{"line":12,"column":33}},"3":{"start":{"line":13,"column":0},"end":{"line":13,"column":41}},"4":{"start":{"line":14,"column":0},"end":{"line":14,"column":37}},"5":{"start":{"line":15,"column":0},"end":{"line":15,"column":51}},"6":{"start":{"line":16,"column":0},"end":{"line":16,"column":60}},"7":{"start":{"line":19,"column":7},"end":{"line":258,"column":null}},"8":{"start":{"line":21,"column":12},"end":{"line":21,"column":20}},"9":{"start":{"line":22,"column":12},"end":{"line":22,"column":24}},"10":{"start":{"line":23,"column":12},"end":{"line":23,"column":25}},"11":{"start":{"line":24,"column":12},"end":{"line":24,"column":28}},"12":{"start":{"line":29,"column":25},"end":{"line":29,"column":91}},"13":{"start":{"line":30,"column":4},"end":{"line":30,"column":75}},"14":{"start":{"line":30,"column":22},"end":{"line":30,"column":75}},"15":{"start":{"line":32,"column":27},"end":{"line":32,"column":62}},"16":{"start":{"line":34,"column":29},"end":{"line":34,"column":85}},"17":{"start":{"line":35,"column":32},"end":{"line":35,"column":69}},"18":{"start":{"line":37,"column":17},"end":{"line":49,"column":6}},"19":{"start":{"line":51,"column":23},"end":{"line":51,"column":91}},"20":{"start":{"line":53,"column":4},"end":{"line":53,"column":78}},"21":{"start":{"line":56,"column":4},"end":{"line":62,"column":7}},"22":{"start":{"line":64,"column":82},"end":{"line":64,"column":86}},"23":{"start":{"line":65,"column":4},"end":{"line":65,"column":101}},"24":{"start":{"line":70,"column":17},"end":{"line":70,"column":72}},"25":{"start":{"line":71,"column":4},"end":{"line":71,"column":68}},"26":{"start":{"line":71,"column":15},"end":{"line":71,"column":68}},"27":{"start":{"line":73,"column":4},"end":{"line":75,"column":5}},"28":{"start":{"line":74,"column":6},"end":{"line":74,"column":58}},"29":{"start":{"line":77,"column":4},"end":{"line":79,"column":5}},"30":{"start":{"line":78,"column":6},"end":{"line":78,"column":79}},"31":{"start":{"line":81,"column":4},"end":{"line":83,"column":5}},"32":{"start":{"line":82,"column":6},"end":{"line":82,"column":56}},"33":{"start":{"line":85,"column":4},"end":{"line":87,"column":5}},"34":{"start":{"line":86,"column":6},"end":{"line":86,"column":62}},"35":{"start":{"line":89,"column":4},"end":{"line":96,"column":7}},"36":{"start":{"line":99,"column":4},"end":{"line":105,"column":7}},"37":{"start":{"line":107,"column":4},"end":{"line":107,"column":81}},"38":{"start":{"line":111,"column":17},"end":{"line":111,"column":72}},"39":{"start":{"line":113,"column":4},"end":{"line":113,"column":68}},"40":{"start":{"line":113,"column":15},"end":{"line":113,"column":68}},"41":{"start":{"line":114,"column":4},"end":{"line":114,"column":87}},"42":{"start":{"line":114,"column":25},"end":{"line":114,"column":87}},"43":{"start":{"line":117,"column":20},"end":{"line":117,"column":76}},"44":{"start":{"line":118,"column":23},"end":{"line":118,"column":60}},"45":{"start":{"line":120,"column":4},"end":{"line":126,"column":7}},"46":{"start":{"line":128,"column":4},"end":{"line":133,"column":6}},"47":{"start":{"line":135,"column":4},"end":{"line":135,"column":73}},"48":{"start":{"line":140,"column":17},"end":{"line":140,"column":72}},"49":{"start":{"line":141,"column":4},"end":{"line":141,"column":70}},"50":{"start":{"line":141,"column":15},"end":{"line":141,"column":70}},"51":{"start":{"line":144,"column":4},"end":{"line":146,"column":5}},"52":{"start":{"line":145,"column":6},"end":{"line":145,"column":92}},"53":{"start":{"line":148,"column":18},"end":{"line":148,"column":63}},"54":{"start":{"line":150,"column":4},"end":{"line":177,"column":5}},"55":{"start":{"line":152,"column":27},"end":{"line":152,"column":50}},"56":{"start":{"line":153,"column":35},"end":{"line":153,"column":39}},"57":{"start":{"line":155,"column":6},"end":{"line":166,"column":7}},"58":{"start":{"line":156,"column":8},"end":{"line":156,"column":58}},"59":{"start":{"line":157,"column":8},"end":{"line":157,"column":27}},"60":{"start":{"line":158,"column":8},"end":{"line":162,"column":10}},"61":{"start":{"line":165,"column":8},"end":{"line":165,"column":114}},"62":{"start":{"line":168,"column":6},"end":{"line":171,"column":9}},"63":{"start":{"line":174,"column":6},"end":{"line":174,"column":79}},"64":{"start":{"line":176,"column":6},"end":{"line":176,"column":63}},"65":{"start":{"line":180,"column":4},"end":{"line":183,"column":7}},"66":{"start":{"line":185,"column":4},"end":{"line":187,"column":5}},"67":{"start":{"line":186,"column":6},"end":{"line":186,"column":92}},"68":{"start":{"line":189,"column":4},"end":{"line":189,"column":16}},"69":{"start":{"line":195,"column":17},"end":{"line":195,"column":65}},"70":{"start":{"line":196,"column":20},"end":{"line":196,"column":71}},"71":{"start":{"line":199,"column":4},"end":{"line":199,"column":82}},"72":{"start":{"line":201,"column":4},"end":{"line":201,"column":59}},"73":{"start":{"line":206,"column":17},"end":{"line":206,"column":83}},"74":{"start":{"line":207,"column":4},"end":{"line":207,"column":68}},"75":{"start":{"line":207,"column":15},"end":{"line":207,"column":68}},"76":{"start":{"line":209,"column":18},"end":{"line":209,"column":49}},"77":{"start":{"line":211,"column":4},"end":{"line":217,"column":7}},"78":{"start":{"line":219,"column":4},"end":{"line":224,"column":6}},"79":{"start":{"line":226,"column":4},"end":{"line":226,"column":108}},"80":{"start":{"line":231,"column":17},"end":{"line":236,"column":6}},"81":{"start":{"line":238,"column":4},"end":{"line":238,"column":74}},"82":{"start":{"line":238,"column":15},"end":{"line":238,"column":74}},"83":{"start":{"line":240,"column":27},"end":{"line":240,"column":65}},"84":{"start":{"line":242,"column":4},"end":{"line":249,"column":7}},"85":{"start":{"line":251,"column":4},"end":{"line":251,"column":59}},"86":{"start":{"line":255,"column":17},"end":{"line":255,"column":72}},"87":{"start":{"line":256,"column":4},"end":{"line":256,"column":32}},"88":{"start":{"line":19,"column":13},"end":{"line":19,"column":24}},"89":{"start":{"line":19,"column":13},"end":{"line":258,"column":null}}},"fnMap":{"0":{"name":"(anonymous_11)","decl":{"start":{"line":20,"column":2},"end":{"line":20,"column":null}},"loc":{"start":{"line":24,"column":42},"end":{"line":25,"column":6}}},"1":{"name":"(anonymous_12)","decl":{"start":{"line":28,"column":2},"end":{"line":28,"column":7}},"loc":{"start":{"line":28,"column":33},"end":{"line":66,"column":3}}},"2":{"name":"(anonymous_13)","decl":{"start":{"line":69,"column":2},"end":{"line":69,"column":7}},"loc":{"start":{"line":69,"column":48},"end":{"line":108,"column":3}}},"3":{"name":"(anonymous_14)","decl":{"start":{"line":110,"column":2},"end":{"line":110,"column":7}},"loc":{"start":{"line":110,"column":44},"end":{"line":136,"column":3}}},"4":{"name":"(anonymous_15)","decl":{"start":{"line":139,"column":2},"end":{"line":139,"column":7}},"loc":{"start":{"line":139,"column":52},"end":{"line":190,"column":3}}},"5":{"name":"(anonymous_16)","decl":{"start":{"line":194,"column":2},"end":{"line":194,"column":7}},"loc":{"start":{"line":194,"column":67},"end":{"line":202,"column":3}}},"6":{"name":"(anonymous_17)","decl":{"start":{"line":205,"column":2},"end":{"line":205,"column":7}},"loc":{"start":{"line":205,"column":57},"end":{"line":227,"column":3}}},"7":{"name":"(anonymous_18)","decl":{"start":{"line":230,"column":2},"end":{"line":230,"column":7}},"loc":{"start":{"line":230,"column":43},"end":{"line":252,"column":3}}},"8":{"name":"(anonymous_19)","decl":{"start":{"line":254,"column":2},"end":{"line":254,"column":7}},"loc":{"start":{"line":254,"column":32},"end":{"line":257,"column":3}}}},"branchMap":{"0":{"loc":{"start":{"line":30,"column":4},"end":{"line":30,"column":75}},"type":"if","locations":[{"start":{"line":30,"column":4},"end":{"line":30,"column":75}},{"start":{},"end":{}}]},"1":{"loc":{"start":{"line":71,"column":4},"end":{"line":71,"column":68}},"type":"if","locations":[{"start":{"line":71,"column":4},"end":{"line":71,"column":68}},{"start":{},"end":{}}]},"2":{"loc":{"start":{"line":73,"column":4},"end":{"line":75,"column":5}},"type":"if","locations":[{"start":{"line":73,"column":4},"end":{"line":75,"column":5}},{"start":{},"end":{}}]},"3":{"loc":{"start":{"line":77,"column":4},"end":{"line":79,"column":5}},"type":"if","locations":[{"start":{"line":77,"column":4},"end":{"line":79,"column":5}},{"start":{},"end":{}}]},"4":{"loc":{"start":{"line":77,"column":8},"end":{"line":77,"column":59}},"type":"binary-expr","locations":[{"start":{"line":77,"column":8},"end":{"line":77,"column":30}},{"start":{"line":77,"column":34},"end":{"line":77,"column":59}}]},"5":{"loc":{"start":{"line":81,"column":4},"end":{"line":83,"column":5}},"type":"if","locations":[{"start":{"line":81,"column":4},"end":{"line":83,"column":5}},{"start":{},"end":{}}]},"6":{"loc":{"start":{"line":85,"column":4},"end":{"line":87,"column":5}},"type":"if","locations":[{"start":{"line":85,"column":4},"end":{"line":87,"column":5}},{"start":{},"end":{}}]},"7":{"loc":{"start":{"line":113,"column":4},"end":{"line":113,"column":68}},"type":"if","locations":[{"start":{"line":113,"column":4},"end":{"line":113,"column":68}},{"start":{},"end":{}}]},"8":{"loc":{"start":{"line":114,"column":4},"end":{"line":114,"column":87}},"type":"if","locations":[{"start":{"line":114,"column":4},"end":{"line":114,"column":87}},{"start":{},"end":{}}]},"9":{"loc":{"start":{"line":141,"column":4},"end":{"line":141,"column":70}},"type":"if","locations":[{"start":{"line":141,"column":4},"end":{"line":141,"column":70}},{"start":{},"end":{}}]},"10":{"loc":{"start":{"line":144,"column":4},"end":{"line":146,"column":5}},"type":"if","locations":[{"start":{"line":144,"column":4},"end":{"line":146,"column":5}},{"start":{},"end":{}}]},"11":{"loc":{"start":{"line":144,"column":8},"end":{"line":144,"column":53}},"type":"binary-expr","locations":[{"start":{"line":144,"column":8},"end":{"line":144,"column":22}},{"start":{"line":144,"column":26},"end":{"line":144,"column":53}}]},"12":{"loc":{"start":{"line":150,"column":4},"end":{"line":177,"column":5}},"type":"if","locations":[{"start":{"line":150,"column":4},"end":{"line":177,"column":5}},{"start":{},"end":{}}]},"13":{"loc":{"start":{"line":155,"column":6},"end":{"line":166,"column":7}},"type":"if","locations":[{"start":{"line":155,"column":6},"end":{"line":166,"column":7}},{"start":{},"end":{}}]},"14":{"loc":{"start":{"line":185,"column":4},"end":{"line":187,"column":5}},"type":"if","locations":[{"start":{"line":185,"column":4},"end":{"line":187,"column":5}},{"start":{},"end":{}}]},"15":{"loc":{"start":{"line":207,"column":4},"end":{"line":207,"column":68}},"type":"if","locations":[{"start":{"line":207,"column":4},"end":{"line":207,"column":68}},{"start":{},"end":{}}]},"16":{"loc":{"start":{"line":238,"column":4},"end":{"line":238,"column":74}},"type":"if","locations":[{"start":{"line":238,"column":4},"end":{"line":238,"column":74}},{"start":{},"end":{}}]},"17":{"loc":{"start":{"line":21,"column":20},"end":{"line":21,"column":null}},"type":"cond-expr","locations":[{"start":{"line":21,"column":33},"end":{"line":21,"column":null}},{"start":{"line":21,"column":33},"end":{"line":21,"column":null}}]},"18":{"loc":{"start":{"line":21,"column":20},"end":{"line":21,"column":33}},"type":"binary-expr","locations":[{"start":{"line":21,"column":20},"end":{"line":21,"column":null}},{"start":{"line":21,"column":20},"end":{"line":21,"column":33}}]},"19":{"loc":{"start":{"line":21,"column":33},"end":{"line":22,"column":null}},"type":"cond-expr","locations":[{"start":{"line":22,"column":34},"end":{"line":22,"column":null}},{"start":{"line":22,"column":34},"end":{"line":22,"column":null}}]},"20":{"loc":{"start":{"line":21,"column":33},"end":{"line":22,"column":34}},"type":"binary-expr","locations":[{"start":{"line":21,"column":33},"end":{"line":22,"column":null}},{"start":{"line":22,"column":24},"end":{"line":22,"column":34}}]},"21":{"loc":{"start":{"line":22,"column":34},"end":{"line":23,"column":null}},"type":"cond-expr","locations":[{"start":{"line":23,"column":36},"end":{"line":23,"column":null}},{"start":{"line":23,"column":36},"end":{"line":23,"column":null}}]},"22":{"loc":{"start":{"line":22,"column":34},"end":{"line":23,"column":36}},"type":"binary-expr","locations":[{"start":{"line":22,"column":34},"end":{"line":23,"column":null}},{"start":{"line":23,"column":25},"end":{"line":23,"column":36}}]},"23":{"loc":{"start":{"line":23,"column":36},"end":{"line":24,"column":null}},"type":"cond-expr","locations":[{"start":{"line":24,"column":42},"end":{"line":24,"column":null}},{"start":{"line":24,"column":42},"end":{"line":24,"column":null}}]},"24":{"loc":{"start":{"line":23,"column":36},"end":{"line":24,"column":42}},"type":"binary-expr","locations":[{"start":{"line":23,"column":36},"end":{"line":24,"column":null}},{"start":{"line":24,"column":28},"end":{"line":24,"column":42}}]}},"s":{"0":1,"1":1,"2":1,"3":1,"4":1,"5":1,"6":1,"7":1,"8":4,"9":4,"10":4,"11":4,"12":2,"13":2,"14":1,"15":1,"16":1,"17":1,"18":1,"19":1,"20":1,"21":1,"22":1,"23":1,"24":0,"25":0,"26":0,"27":0,"28":0,"29":0,"30":0,"31":0,"32":0,"33":0,"34":0,"35":0,"36":0,"37":0,"38":0,"39":0,"40":0,"41":0,"42":0,"43":0,"44":0,"45":0,"46":0,"47":0,"48":1,"49":1,"50":0,"51":1,"52":0,"53":1,"54":1,"55":0,"56":0,"57":0,"58":0,"59":0,"60":0,"61":0,"62":0,"63":0,"64":0,"65":1,"66":1,"67":0,"68":1,"69":1,"70":1,"71":1,"72":1,"73":0,"74":0,"75":0,"76":0,"77":0,"78":0,"79":0,"80":0,"81":0,"82":0,"83":0,"84":0,"85":0,"86":0,"87":0,"88":1,"89":1},"f":{"0":4,"1":2,"2":0,"3":0,"4":1,"5":1,"6":0,"7":0,"8":0},"b":{"0":[1,1],"1":[0,0],"2":[0,0],"3":[0,0],"4":[0,0],"5":[0,0],"6":[0,0],"7":[0,0],"8":[0,0],"9":[0,1],"10":[0,1],"11":[1,0],"12":[0,1],"13":[0,0],"14":[0,1],"15":[0,0],"16":[0,0],"17":[1,0],"18":[1,1],"19":[1,0],"20":[1,1],"21":[1,0],"22":[1,1],"23":[1,0],"24":[1,1]}}
,"C:\\Users\\julia\\Downloads\\Repositorio\\MercadoCafeteroBackend\\ecommerce-backend\\src\\auth\\jwt-auth.guard.ts": {"path":"C:\\Users\\julia\\Downloads\\Repositorio\\MercadoCafeteroBackend\\ecommerce-backend\\src\\auth\\jwt-auth.guard.ts","statementMap":{"0":{"start":{"line":1,"column":0},"end":{"line":1,"column":44}},"1":{"start":{"line":2,"column":0},"end":{"line":2,"column":45}},"2":{"start":{"line":5,"column":7},"end":{"line":5,"column":null}},"3":{"start":{"line":5,"column":13},"end":{"line":5,"column":25}},"4":{"start":{"line":5,"column":13},"end":{"line":5,"column":null}}},"fnMap":{},"branchMap":{},"s":{"0":0,"1":0,"2":0,"3":0,"4":0},"f":{},"b":{}}
,"C:\\Users\\julia\\Downloads\\Repositorio\\MercadoCafeteroBackend\\ecommerce-backend\\src\\auth\\jwt.strategy.ts": {"path":"C:\\Users\\julia\\Downloads\\Repositorio\\MercadoCafeteroBackend\\ecommerce-backend\\src\\auth\\jwt.strategy.ts","statementMap":{"0":{"start":{"line":1,"column":0},"end":{"line":1,"column":67}},"1":{"start":{"line":2,"column":0},"end":{"line":2,"column":52}},"2":{"start":{"line":3,"column":0},"end":{"line":3,"column":52}},"3":{"start":{"line":6,"column":7},"end":{"line":26,"column":null}},"4":{"start":{"line":8,"column":22},"end":{"line":8,"column":44}},"5":{"start":{"line":9,"column":4},"end":{"line":11,"column":5}},"6":{"start":{"line":10,"column":6},"end":{"line":10,"column":69}},"7":{"start":{"line":13,"column":4},"end":{"line":17,"column":7}},"8":{"start":{"line":21,"column":4},"end":{"line":23,"column":5}},"9":{"start":{"line":22,"column":6},"end":{"line":22,"column":63}},"10":{"start":{"line":24,"column":4},"end":{"line":24,"column":77}},"11":{"start":{"line":6,"column":13},"end":{"line":6,"column":24}},"12":{"start":{"line":6,"column":13},"end":{"line":26,"column":null}}},"fnMap":{"0":{"name":"(anonymous_2)","decl":{"start":{"line":7,"column":2},"end":{"line":7,"column":null}},"loc":{"start":{"line":7,"column":2},"end":{"line":18,"column":3}}},"1":{"name":"(anonymous_3)","decl":{"start":{"line":20,"column":2},"end":{"line":20,"column":7}},"loc":{"start":{"line":20,"column":29},"end":{"line":25,"column":3}}}},"branchMap":{"0":{"loc":{"start":{"line":9,"column":4},"end":{"line":11,"column":5}},"type":"if","locations":[{"start":{"line":9,"column":4},"end":{"line":11,"column":5}},{"start":{},"end":{}}]},"1":{"loc":{"start":{"line":21,"column":4},"end":{"line":23,"column":5}},"type":"if","locations":[{"start":{"line":21,"column":4},"end":{"line":23,"column":5}},{"start":{},"end":{}}]},"2":{"loc":{"start":{"line":21,"column":8},"end":{"line":21,"column":55}},"type":"binary-expr","locations":[{"start":{"line":21,"column":8},"end":{"line":21,"column":20}},{"start":{"line":21,"column":24},"end":{"line":21,"column":38}},{"start":{"line":21,"column":42},"end":{"line":21,"column":55}}]}},"s":{"0":0,"1":0,"2":0,"3":0,"4":0,"5":0,"6":0,"7":0,"8":0,"9":0,"10":0,"11":0,"12":0},"f":{"0":0,"1":0},"b":{"0":[0,0],"1":[0,0],"2":[0,0,0]}}
,"C:\\Users\\julia\\Downloads\\Repositorio\\MercadoCafeteroBackend\\ecommerce-backend\\src\\auth\\decorators\\roles.decorator.ts": {"path":"C:\\Users\\julia\\Downloads\\Repositorio\\MercadoCafeteroBackend\\ecommerce-backend\\src\\auth\\decorators\\roles.decorator.ts","statementMap":{"0":{"start":{"line":1,"column":0},"end":{"line":1,"column":45}},"1":{"start":{"line":3,"column":13},"end":{"line":3,"column":33}},"2":{"start":{"line":4,"column":21},"end":{"line":4,"column":74}},"3":{"start":{"line":4,"column":45},"end":{"line":4,"column":74}},"4":{"start":{"line":4,"column":13},"end":{"line":4,"column":21}}},"fnMap":{"0":{"name":"(anonymous_0)","decl":{"start":{"line":4,"column":21},"end":{"line":4,"column":22}},"loc":{"start":{"line":4,"column":45},"end":{"line":4,"column":74}}}},"branchMap":{},"s":{"0":0,"1":0,"2":0,"3":0,"4":0},"f":{"0":0},"b":{}}
,"C:\\Users\\julia\\Downloads\\Repositorio\\MercadoCafeteroBackend\\ecommerce-backend\\src\\auth\\dto\\confirm-email.dto.ts": {"path":"C:\\Users\\julia\\Downloads\\Repositorio\\MercadoCafeteroBackend\\ecommerce-backend\\src\\auth\\dto\\confirm-email.dto.ts","statementMap":{"0":{"start":{"line":1,"column":0},"end":{"line":1,"column":60}},"1":{"start":{"line":3,"column":0},"end":{"line":3,"column":13}},"2":{"start":{"line":5,"column":2},"end":{"line":5,"column":null}},"3":{"start":{"line":9,"column":2},"end":{"line":9,"column":null}}},"fnMap":{},"branchMap":{},"s":{"0":0,"1":0,"2":0,"3":0},"f":{},"b":{}}
,"C:\\Users\\julia\\Downloads\\Repositorio\\MercadoCafeteroBackend\\ecommerce-backend\\src\\auth\\dto\\login.dto.ts": {"path":"C:\\Users\\julia\\Downloads\\Repositorio\\MercadoCafeteroBackend\\ecommerce-backend\\src\\auth\\dto\\login.dto.ts","statementMap":{"0":{"start":{"line":1,"column":0},"end":{"line":1,"column":65}},"1":{"start":{"line":3,"column":0},"end":{"line":3,"column":13}},"2":{"start":{"line":5,"column":2},"end":{"line":5,"column":null}},"3":{"start":{"line":9,"column":2},"end":{"line":9,"column":null}}},"fnMap":{},"branchMap":{},"s":{"0":0,"1":0,"2":0,"3":0},"f":{},"b":{}}
,"C:\\Users\\julia\\Downloads\\Repositorio\\MercadoCafeteroBackend\\ecommerce-backend\\src\\auth\\dto\\register.dto.ts": {"path":"C:\\Users\\julia\\Downloads\\Repositorio\\MercadoCafeteroBackend\\ecommerce-backend\\src\\auth\\dto\\register.dto.ts","statementMap":{"0":{"start":{"line":1,"column":0},"end":{"line":1,"column":65}},"1":{"start":{"line":3,"column":0},"end":{"line":3,"column":13}},"2":{"start":{"line":5,"column":2},"end":{"line":5,"column":null}},"3":{"start":{"line":8,"column":2},"end":{"line":8,"column":null}},"4":{"start":{"line":11,"column":2},"end":{"line":11,"column":null}},"5":{"start":{"line":14,"column":2},"end":{"line":14,"column":null}},"6":{"start":{"line":17,"column":2},"end":{"line":17,"column":null}}},"fnMap":{},"branchMap":{},"s":{"0":0,"1":0,"2":0,"3":0,"4":0,"5":0,"6":0},"f":{},"b":{}}
,"C:\\Users\\julia\\Downloads\\Repositorio\\MercadoCafeteroBackend\\ecommerce-backend\\src\\auth\\dto\\request-password-reset.dto.ts": {"path":"C:\\Users\\julia\\Downloads\\Repositorio\\MercadoCafeteroBackend\\ecommerce-backend\\src\\auth\\dto\\request-password-reset.dto.ts","statementMap":{"0":{"start":{"line":1,"column":0},"end":{"line":1,"column":42}},"1":{"start":{"line":3,"column":0},"end":{"line":3,"column":13}},"2":{"start":{"line":5,"column":2},"end":{"line":5,"column":null}}},"fnMap":{},"branchMap":{},"s":{"0":0,"1":0,"2":0},"f":{},"b":{}}
,"C:\\Users\\julia\\Downloads\\Repositorio\\MercadoCafeteroBackend\\ecommerce-backend\\src\\auth\\dto\\reset-password.dto.ts": {"path":"C:\\Users\\julia\\Downloads\\Repositorio\\MercadoCafeteroBackend\\ecommerce-backend\\src\\auth\\dto\\reset-password.dto.ts","statementMap":{"0":{"start":{"line":1,"column":0},"end":{"line":1,"column":54}},"1":{"start":{"line":3,"column":0},"end":{"line":3,"column":13}},"2":{"start":{"line":5,"column":2},"end":{"line":5,"column":null}},"3":{"start":{"line":9,"column":2},"end":{"line":9,"column":null}}},"fnMap":{},"branchMap":{},"s":{"0":0,"1":0,"2":0,"3":0},"f":{},"b":{}}
,"C:\\Users\\julia\\Downloads\\Repositorio\\MercadoCafeteroBackend\\ecommerce-backend\\src\\auth\\guards\\roles.guard.ts": {"path":"C:\\Users\\julia\\Downloads\\Repositorio\\MercadoCafeteroBackend\\ecommerce-backend\\src\\auth\\guards\\roles.guard.ts","statementMap":{"0":{"start":{"line":1,"column":0},"end":{"line":1,"column":95}},"1":{"start":{"line":2,"column":0},"end":{"line":2,"column":41}},"2":{"start":{"line":3,"column":0},"end":{"line":3,"column":58}},"3":{"start":{"line":6,"column":7},"end":{"line":32,"column":null}},"4":{"start":{"line":7,"column":22},"end":{"line":7,"column":33}},"5":{"start":{"line":10,"column":26},"end":{"line":13,"column":6}},"6":{"start":{"line":15,"column":4},"end":{"line":17,"column":5}},"7":{"start":{"line":16,"column":6},"end":{"line":16,"column":18}},"8":{"start":{"line":19,"column":20},"end":{"line":19,"column":55}},"9":{"start":{"line":20,"column":17},"end":{"line":20,"column":29}},"10":{"start":{"line":22,"column":4},"end":{"line":24,"column":5}},"11":{"start":{"line":23,"column":6},"end":{"line":23,"column":80}},"12":{"start":{"line":26,"column":4},"end":{"line":28,"column":5}},"13":{"start":{"line":27,"column":6},"end":{"line":27,"column":82}},"14":{"start":{"line":30,"column":4},"end":{"line":30,"column":16}},"15":{"start":{"line":6,"column":13},"end":{"line":6,"column":23}},"16":{"start":{"line":6,"column":13},"end":{"line":32,"column":null}}},"fnMap":{"0":{"name":"(anonymous_2)","decl":{"start":{"line":7,"column":2},"end":{"line":7,"column":22}},"loc":{"start":{"line":7,"column":42},"end":{"line":7,"column":46}}},"1":{"name":"(anonymous_3)","decl":{"start":{"line":9,"column":2},"end":{"line":9,"column":13}},"loc":{"start":{"line":9,"column":39},"end":{"line":31,"column":3}}}},"branchMap":{"0":{"loc":{"start":{"line":15,"column":4},"end":{"line":17,"column":5}},"type":"if","locations":[{"start":{"line":15,"column":4},"end":{"line":17,"column":5}},{"start":{},"end":{}}]},"1":{"loc":{"start":{"line":22,"column":4},"end":{"line":24,"column":5}},"type":"if","locations":[{"start":{"line":22,"column":4},"end":{"line":24,"column":5}},{"start":{},"end":{}}]},"2":{"loc":{"start":{"line":26,"column":4},"end":{"line":28,"column":5}},"type":"if","locations":[{"start":{"line":26,"column":4},"end":{"line":28,"column":5}},{"start":{},"end":{}}]},"3":{"loc":{"start":{"line":7,"column":33},"end":{"line":7,"column":45}},"type":"cond-expr","locations":[{"start":{"line":7,"column":42},"end":{"line":7,"column":45}},{"start":{"line":7,"column":42},"end":{"line":7,"column":45}}]},"4":{"loc":{"start":{"line":7,"column":33},"end":{"line":7,"column":42}},"type":"binary-expr","locations":[{"start":{"line":7,"column":33},"end":{"line":7,"column":45}},{"start":{"line":7,"column":33},"end":{"line":7,"column":42}}]}},"s":{"0":0,"1":0,"2":0,"3":0,"4":0,"5":0,"6":0,"7":0,"8":0,"9":0,"10":0,"11":0,"12":0,"13":0,"14":0,"15":0,"16":0},"f":{"0":0,"1":0},"b":{"0":[0,0],"1":[0,0],"2":[0,0],"3":[0,0],"4":[0,0]}}
,"C:\\Users\\julia\\Downloads\\Repositorio\\MercadoCafeteroBackend\\ecommerce-backend\\src\\cloudinary\\cloudinary.module.ts": {"path":"C:\\Users\\julia\\Downloads\\Repositorio\\MercadoCafeteroBackend\\ecommerce-backend\\src\\cloudinary\\cloudinary.module.ts","statementMap":{"0":{"start":{"line":1,"column":0},"end":{"line":1,"column":40}},"1":{"start":{"line":2,"column":0},"end":{"line":2,"column":57}},"2":{"start":{"line":8,"column":7},"end":{"line":8,"column":null}},"3":{"start":{"line":8,"column":13},"end":{"line":8,"column":29}},"4":{"start":{"line":8,"column":13},"end":{"line":8,"column":null}}},"fnMap":{},"branchMap":{},"s":{"0":0,"1":0,"2":0,"3":0,"4":0},"f":{},"b":{}}
,"C:\\Users\\julia\\Downloads\\Repositorio\\MercadoCafeteroBackend\\ecommerce-backend\\src\\cloudinary\\cloudinary.service.ts": {"path":"C:\\Users\\julia\\Downloads\\Repositorio\\MercadoCafeteroBackend\\ecommerce-backend\\src\\cloudinary\\cloudinary.service.ts","statementMap":{"0":{"start":{"line":1,"column":0},"end":{"line":1,"column":52}},"1":{"start":{"line":2,"column":0},"end":{"line":2,"column":46}},"2":{"start":{"line":3,"column":0},"end":{"line":3,"column":43}},"3":{"start":{"line":6,"column":30},"end":{"line":49,"column":null}},"4":{"start":{"line":7,"column":28},"end":{"line":7,"column":62}},"5":{"start":{"line":11,"column":26},"end":{"line":11,"column":52}},"6":{"start":{"line":13,"column":4},"end":{"line":16,"column":5}},"7":{"start":{"line":14,"column":6},"end":{"line":14,"column":134}},"8":{"start":{"line":15,"column":6},"end":{"line":15,"column":13}},"9":{"start":{"line":19,"column":4},"end":{"line":24,"column":7}},"10":{"start":{"line":26,"column":4},"end":{"line":26,"column":62}},"11":{"start":{"line":33,"column":4},"end":{"line":42,"column":7}},"12":{"start":{"line":34,"column":27},"end":{"line":39,"column":null}},"13":{"start":{"line":37,"column":10},"end":{"line":37,"column":53}},"14":{"start":{"line":37,"column":32},"end":{"line":37,"column":53}},"15":{"start":{"line":38,"column":10},"end":{"line":38,"column":82}},"16":{"start":{"line":41,"column":6},"end":{"line":41,"column":62}},"17":{"start":{"line":46,"column":4},"end":{"line":46,"column":48}},"18":{"start":{"line":46,"column":19},"end":{"line":46,"column":48}},"19":{"start":{"line":47,"column":4},"end":{"line":47,"column":77}},"20":{"start":{"line":6,"column":13},"end":{"line":6,"column":30}},"21":{"start":{"line":6,"column":13},"end":{"line":49,"column":null}}},"fnMap":{"0":{"name":"(anonymous_11)","decl":{"start":{"line":9,"column":2},"end":{"line":9,"column":null}},"loc":{"start":{"line":9,"column":2},"end":{"line":27,"column":3}}},"1":{"name":"(anonymous_12)","decl":{"start":{"line":29,"column":2},"end":{"line":29,"column":13}},"loc":{"start":{"line":31,"column":24},"end":{"line":43,"column":3}}},"2":{"name":"(anonymous_13)","decl":{"start":{"line":33,"column":23},"end":{"line":33,"column":24}},"loc":{"start":{"line":33,"column":43},"end":{"line":42,"column":5}}},"3":{"name":"(anonymous_14)","decl":{"start":{"line":36,"column":8},"end":{"line":36,"column":9}},"loc":{"start":{"line":36,"column":26},"end":{"line":39,"column":9}}},"4":{"name":"(anonymous_15)","decl":{"start":{"line":45,"column":2},"end":{"line":45,"column":13}},"loc":{"start":{"line":45,"column":30},"end":{"line":48,"column":3}}}},"branchMap":{"0":{"loc":{"start":{"line":13,"column":4},"end":{"line":16,"column":5}},"type":"if","locations":[{"start":{"line":13,"column":4},"end":{"line":16,"column":5}},{"start":{},"end":{}}]},"1":{"loc":{"start":{"line":31,"column":4},"end":{"line":31,"column":24}},"type":"default-arg","locations":[{"start":{"line":31,"column":13},"end":{"line":31,"column":24}}]},"2":{"loc":{"start":{"line":37,"column":10},"end":{"line":37,"column":53}},"type":"if","locations":[{"start":{"line":37,"column":10},"end":{"line":37,"column":53}},{"start":{},"end":{}}]},"3":{"loc":{"start":{"line":37,"column":14},"end":{"line":37,"column":30}},"type":"binary-expr","locations":[{"start":{"line":37,"column":14},"end":{"line":37,"column":19}},{"start":{"line":37,"column":23},"end":{"line":37,"column":30}}]},"4":{"loc":{"start":{"line":46,"column":4},"end":{"line":46,"column":48}},"type":"if","locations":[{"start":{"line":46,"column":4},"end":{"line":46,"column":48}},{"start":{},"end":{}}]}},"s":{"0":1,"1":1,"2":1,"3":1,"4":0,"5":0,"6":0,"7":0,"8":0,"9":0,"10":0,"11":0,"12":0,"13":0,"14":0,"15":0,"16":0,"17":0,"18":0,"19":0,"20":1,"21":1},"f":{"0":0,"1":0,"2":0,"3":0,"4":0},"b":{"0":[0,0],"1":[0],"2":[0,0],"3":[0,0],"4":[0,0]}}
,"C:\\Users\\julia\\Downloads\\Repositorio\\MercadoCafeteroBackend\\ecommerce-backend\\src\\common\\interceptors\\error.interceptor.ts": {"path":"C:\\Users\\julia\\Downloads\\Repositorio\\MercadoCafeteroBackend\\ecommerce-backend\\src\\common\\interceptors\\error.interceptor.ts","statementMap":{"0":{"start":{"line":1,"column":0},"end":{"line":1,"column":null}},"1":{"start":{"line":9,"column":0},"end":{"line":9,"column":46}},"2":{"start":{"line":10,"column":0},"end":{"line":10,"column":44}},"3":{"start":{"line":13,"column":7},"end":{"line":64,"column":null}},"4":{"start":{"line":15,"column":4},"end":{"line":62,"column":6}},"5":{"start":{"line":18,"column":8},"end":{"line":18,"column":61}},"6":{"start":{"line":21,"column":8},"end":{"line":28,"column":9}},"7":{"start":{"line":22,"column":10},"end":{"line":27,"column":12}},"8":{"start":{"line":23,"column":12},"end":{"line":25,"column":null}},"9":{"start":{"line":30,"column":8},"end":{"line":37,"column":9}},"10":{"start":{"line":31,"column":10},"end":{"line":36,"column":12}},"11":{"start":{"line":32,"column":12},"end":{"line":34,"column":null}},"12":{"start":{"line":40,"column":8},"end":{"line":47,"column":9}},"13":{"start":{"line":41,"column":10},"end":{"line":46,"column":12}},"14":{"start":{"line":42,"column":12},"end":{"line":44,"column":null}},"15":{"start":{"line":50,"column":8},"end":{"line":52,"column":9}},"16":{"start":{"line":51,"column":10},"end":{"line":51,"column":41}},"17":{"start":{"line":51,"column":34},"end":{"line":51,"column":39}},"18":{"start":{"line":55,"column":8},"end":{"line":60,"column":10}},"19":{"start":{"line":56,"column":10},"end":{"line":58,"column":null}},"20":{"start":{"line":13,"column":13},"end":{"line":13,"column":29}},"21":{"start":{"line":13,"column":13},"end":{"line":64,"column":null}}},"fnMap":{"0":{"name":"(anonymous_1)","decl":{"start":{"line":14,"column":2},"end":{"line":14,"column":11}},"loc":{"start":{"line":14,"column":56},"end":{"line":63,"column":3}}},"1":{"name":"(anonymous_2)","decl":{"start":{"line":16,"column":17},"end":{"line":16,"column":18}},"loc":{"start":{"line":16,"column":27},"end":{"line":61,"column":7}}},"2":{"name":"(anonymous_3)","decl":{"start":{"line":22,"column":28},"end":{"line":22,"column":31}},"loc":{"start":{"line":23,"column":12},"end":{"line":25,"column":null}}},"3":{"name":"(anonymous_4)","decl":{"start":{"line":31,"column":28},"end":{"line":31,"column":31}},"loc":{"start":{"line":32,"column":12},"end":{"line":34,"column":null}}},"4":{"name":"(anonymous_5)","decl":{"start":{"line":41,"column":28},"end":{"line":41,"column":31}},"loc":{"start":{"line":42,"column":12},"end":{"line":44,"column":null}}},"5":{"name":"(anonymous_6)","decl":{"start":{"line":51,"column":28},"end":{"line":51,"column":31}},"loc":{"start":{"line":51,"column":34},"end":{"line":51,"column":39}}},"6":{"name":"(anonymous_7)","decl":{"start":{"line":55,"column":26},"end":{"line":55,"column":29}},"loc":{"start":{"line":56,"column":10},"end":{"line":58,"column":null}}}},"branchMap":{"0":{"loc":{"start":{"line":21,"column":8},"end":{"line":28,"column":9}},"type":"if","locations":[{"start":{"line":21,"column":8},"end":{"line":28,"column":9}},{"start":{},"end":{}}]},"1":{"loc":{"start":{"line":30,"column":8},"end":{"line":37,"column":9}},"type":"if","locations":[{"start":{"line":30,"column":8},"end":{"line":37,"column":9}},{"start":{},"end":{}}]},"2":{"loc":{"start":{"line":40,"column":8},"end":{"line":47,"column":9}},"type":"if","locations":[{"start":{"line":40,"column":8},"end":{"line":47,"column":9}},{"start":{},"end":{}}]},"3":{"loc":{"start":{"line":50,"column":8},"end":{"line":52,"column":9}},"type":"if","locations":[{"start":{"line":50,"column":8},"end":{"line":52,"column":9}},{"start":{},"end":{}}]}},"s":{"0":0,"1":0,"2":0,"3":0,"4":0,"5":0,"6":0,"7":0,"8":0,"9":0,"10":0,"11":0,"12":0,"13":0,"14":0,"15":0,"16":0,"17":0,"18":0,"19":0,"20":0,"21":0},"f":{"0":0,"1":0,"2":0,"3":0,"4":0,"5":0,"6":0},"b":{"0":[0,0],"1":[0,0],"2":[0,0],"3":[0,0]}}
,"C:\\Users\\julia\\Downloads\\Repositorio\\MercadoCafeteroBackend\\ecommerce-backend\\src\\common\\interceptors\\logging.interceptor.ts": {"path":"C:\\Users\\julia\\Downloads\\Repositorio\\MercadoCafeteroBackend\\ecommerce-backend\\src\\common\\interceptors\\logging.interceptor.ts","statementMap":{"0":{"start":{"line":1,"column":0},"end":{"line":1,"column":null}},"1":{"start":{"line":8,"column":0},"end":{"line":8,"column":46}},"2":{"start":{"line":9,"column":0},"end":{"line":9,"column":49}},"3":{"start":{"line":12,"column":31},"end":{"line":42,"column":null}},"4":{"start":{"line":13,"column":28},"end":{"line":13,"column":63}},"5":{"start":{"line":16,"column":20},"end":{"line":16,"column":55}},"6":{"start":{"line":17,"column":40},"end":{"line":17,"column":47}},"7":{"start":{"line":18,"column":16},"end":{"line":18,"column":26}},"8":{"start":{"line":21,"column":4},"end":{"line":23,"column":6}},"9":{"start":{"line":25,"column":4},"end":{"line":40,"column":6}},"10":{"start":{"line":27,"column":29},"end":{"line":27,"column":45}},"11":{"start":{"line":28,"column":8},"end":{"line":30,"column":10}},"12":{"start":{"line":33,"column":29},"end":{"line":33,"column":45}},"13":{"start":{"line":34,"column":8},"end":{"line":37,"column":10}},"14":{"start":{"line":38,"column":8},"end":{"line":38,"column":39}},"15":{"start":{"line":38,"column":32},"end":{"line":38,"column":37}},"16":{"start":{"line":12,"column":13},"end":{"line":12,"column":31}},"17":{"start":{"line":12,"column":13},"end":{"line":42,"column":null}}},"fnMap":{"0":{"name":"(anonymous_1)","decl":{"start":{"line":15,"column":2},"end":{"line":15,"column":11}},"loc":{"start":{"line":15,"column":56},"end":{"line":41,"column":3}}},"1":{"name":"(anonymous_2)","decl":{"start":{"line":26,"column":10},"end":{"line":26,"column":13}},"loc":{"start":{"line":26,"column":15},"end":{"line":31,"column":7}}},"2":{"name":"(anonymous_3)","decl":{"start":{"line":32,"column":17},"end":{"line":32,"column":18}},"loc":{"start":{"line":32,"column":27},"end":{"line":39,"column":7}}},"3":{"name":"(anonymous_4)","decl":{"start":{"line":38,"column":26},"end":{"line":38,"column":29}},"loc":{"start":{"line":38,"column":32},"end":{"line":38,"column":37}}}},"branchMap":{"0":{"loc":{"start":{"line":22,"column":29},"end":{"line":22,"column":68}},"type":"cond-expr","locations":[{"start":{"line":22,"column":36},"end":{"line":22,"column":52}},{"start":{"line":22,"column":55},"end":{"line":22,"column":68}}]}},"s":{"0":0,"1":0,"2":0,"3":0,"4":0,"5":0,"6":0,"7":0,"8":0,"9":0,"10":0,"11":0,"12":0,"13":0,"14":0,"15":0,"16":0,"17":0},"f":{"0":0,"1":0,"2":0,"3":0},"b":{"0":[0,0]}}
,"C:\\Users\\julia\\Downloads\\Repositorio\\MercadoCafeteroBackend\\ecommerce-backend\\src\\logging\\logging.module.ts": {"path":"C:\\Users\\julia\\Downloads\\Repositorio\\MercadoCafeteroBackend\\ecommerce-backend\\src\\logging\\logging.module.ts","statementMap":{"0":{"start":{"line":1,"column":0},"end":{"line":1,"column":40}},"1":{"start":{"line":2,"column":0},"end":{"line":2,"column":51}},"2":{"start":{"line":3,"column":0},"end":{"line":3,"column":55}},"3":{"start":{"line":10,"column":7},"end":{"line":10,"column":null}},"4":{"start":{"line":10,"column":13},"end":{"line":10,"column":26}},"5":{"start":{"line":10,"column":13},"end":{"line":10,"column":null}}},"fnMap":{},"branchMap":{},"s":{"0":0,"1":0,"2":0,"3":0,"4":0,"5":0},"f":{},"b":{}}
,"C:\\Users\\julia\\Downloads\\Repositorio\\MercadoCafeteroBackend\\ecommerce-backend\\src\\logging\\logging.service.ts": {"path":"C:\\Users\\julia\\Downloads\\Repositorio\\MercadoCafeteroBackend\\ecommerce-backend\\src\\logging\\logging.service.ts","statementMap":{"0":{"start":{"line":1,"column":0},"end":{"line":1,"column":52}},"1":{"start":{"line":2,"column":0},"end":{"line":2,"column":57}},"2":{"start":{"line":4,"column":0},"end":{"line":4,"column":null}},"3":{"start":{"line":5,"column":2},"end":{"line":5,"column":null}},"4":{"start":{"line":6,"column":2},"end":{"line":6,"column":null}},"5":{"start":{"line":7,"column":2},"end":{"line":7,"column":null}},"6":{"start":{"line":8,"column":2},"end":{"line":8,"column":null}},"7":{"start":{"line":11,"column":0},"end":{"line":11,"column":null}},"8":{"start":{"line":12,"column":2},"end":{"line":12,"column":null}},"9":{"start":{"line":13,"column":2},"end":{"line":13,"column":null}},"10":{"start":{"line":14,"column":2},"end":{"line":14,"column":null}},"11":{"start":{"line":15,"column":2},"end":{"line":15,"column":null}},"12":{"start":{"line":16,"column":2},"end":{"line":16,"column":null}},"13":{"start":{"line":17,"column":2},"end":{"line":17,"column":null}},"14":{"start":{"line":18,"column":2},"end":{"line":18,"column":null}},"15":{"start":{"line":19,"column":2},"end":{"line":19,"column":null}},"16":{"start":{"line":20,"column":2},"end":{"line":20,"column":null}},"17":{"start":{"line":21,"column":2},"end":{"line":21,"column":null}},"18":{"start":{"line":22,"column":2},"end":{"line":22,"column":null}},"19":{"start":{"line":23,"column":2},"end":{"line":23,"column":null}},"20":{"start":{"line":24,"column":2},"end":{"line":24,"column":null}},"21":{"start":{"line":25,"column":2},"end":{"line":25,"column":null}},"22":{"start":{"line":26,"column":2},"end":{"line":26,"column":null}},"23":{"start":{"line":42,"column":27},"end":{"line":239,"column":null}},"24":{"start":{"line":43,"column":28},"end":{"line":43,"column":59}},"25":{"start":{"line":45,"column":22},"end":{"line":45,"column":30}},"26":{"start":{"line":48,"column":4},"end":{"line":92,"column":5}},"27":{"start":{"line":50,"column":6},"end":{"line":62,"column":9}},"28":{"start":{"line":65,"column":25},"end":{"line":75,"column":8}},"29":{"start":{"line":77,"column":6},"end":{"line":89,"column":7}},"30":{"start":{"line":79,"column":10},"end":{"line":79,"column":56}},"31":{"start":{"line":80,"column":10},"end":{"line":80,"column":16}},"32":{"start":{"line":82,"column":10},"end":{"line":82,"column":55}},"33":{"start":{"line":83,"column":10},"end":{"line":83,"column":16}},"34":{"start":{"line":85,"column":10},"end":{"line":85,"column":56}},"35":{"start":{"line":86,"column":10},"end":{"line":86,"column":16}},"36":{"start":{"line":88,"column":10},"end":{"line":88,"column":54}},"37":{"start":{"line":91,"column":6},"end":{"line":91,"column":58}},"38":{"start":{"line":97,"column":4},"end":{"line":105,"column":7}},"39":{"start":{"line":109,"column":4},"end":{"line":116,"column":7}},"40":{"start":{"line":120,"column":4},"end":{"line":127,"column":7}},"41":{"start":{"line":131,"column":4},"end":{"line":139,"column":7}},"42":{"start":{"line":143,"column":4},"end":{"line":151,"column":7}},"43":{"start":{"line":155,"column":4},"end":{"line":162,"column":7}},"44":{"start":{"line":166,"column":21},"end":{"line":170,"column":6}},"45":{"start":{"line":172,"column":4},"end":{"line":179,"column":7}},"46":{"start":{"line":183,"column":21},"end":{"line":186,"column":6}},"47":{"start":{"line":188,"column":4},"end":{"line":195,"column":7}},"48":{"start":{"line":199,"column":4},"end":{"line":206,"column":7}},"49":{"start":{"line":220,"column":23},"end":{"line":220,"column":25}},"50":{"start":{"line":222,"column":4},"end":{"line":222,"column":51}},"51":{"start":{"line":222,"column":23},"end":{"line":222,"column":51}},"52":{"start":{"line":223,"column":4},"end":{"line":223,"column":51}},"53":{"start":{"line":223,"column":23},"end":{"line":223,"column":51}},"54":{"start":{"line":224,"column":4},"end":{"line":224,"column":54}},"55":{"start":{"line":224,"column":24},"end":{"line":224,"column":54}},"56":{"start":{"line":225,"column":4},"end":{"line":225,"column":63}},"57":{"start":{"line":225,"column":27},"end":{"line":225,"column":63}},"58":{"start":{"line":226,"column":4},"end":{"line":230,"column":5}},"59":{"start":{"line":227,"column":6},"end":{"line":227,"column":27}},"60":{"start":{"line":228,"column":6},"end":{"line":228,"column":69}},"61":{"start":{"line":228,"column":29},"end":{"line":228,"column":69}},"62":{"start":{"line":229,"column":6},"end":{"line":229,"column":65}},"63":{"start":{"line":229,"column":27},"end":{"line":229,"column":65}},"64":{"start":{"line":232,"column":4},"end":{"line":237,"column":7}},"65":{"start":{"line":42,"column":13},"end":{"line":42,"column":27}},"66":{"start":{"line":42,"column":13},"end":{"line":239,"column":null}}},"fnMap":{"0":{"name":"(anonymous_2)","decl":{"start":{"line":4,"column":0},"end":{"line":4,"column":12}},"loc":{"start":{"line":4,"column":20},"end":{"line":9,"column":1}}},"1":{"name":"(anonymous_3)","decl":{"start":{"line":11,"column":0},"end":{"line":11,"column":12}},"loc":{"start":{"line":11,"column":20},"end":{"line":27,"column":1}}},"2":{"name":"(anonymous_4)","decl":{"start":{"line":45,"column":2},"end":{"line":45,"column":22}},"loc":{"start":{"line":45,"column":43},"end":{"line":45,"column":47}}},"3":{"name":"(anonymous_5)","decl":{"start":{"line":47,"column":2},"end":{"line":47,"column":7}},"loc":{"start":{"line":47,"column":32},"end":{"line":93,"column":3}}},"4":{"name":"(anonymous_6)","decl":{"start":{"line":96,"column":2},"end":{"line":96,"column":7}},"loc":{"start":{"line":96,"column":90},"end":{"line":106,"column":3}}},"5":{"name":"(anonymous_7)","decl":{"start":{"line":108,"column":2},"end":{"line":108,"column":7}},"loc":{"start":{"line":108,"column":71},"end":{"line":117,"column":3}}},"6":{"name":"(anonymous_8)","decl":{"start":{"line":119,"column":2},"end":{"line":119,"column":7}},"loc":{"start":{"line":119,"column":72},"end":{"line":128,"column":3}}},"7":{"name":"(anonymous_9)","decl":{"start":{"line":130,"column":2},"end":{"line":130,"column":7}},"loc":{"start":{"line":130,"column":105},"end":{"line":140,"column":3}}},"8":{"name":"(anonymous_10)","decl":{"start":{"line":142,"column":2},"end":{"line":142,"column":7}},"loc":{"start":{"line":142,"column":131},"end":{"line":152,"column":3}}},"9":{"name":"(anonymous_11)","decl":{"start":{"line":154,"column":2},"end":{"line":154,"column":7}},"loc":{"start":{"line":154,"column":78},"end":{"line":163,"column":3}}},"10":{"name":"(anonymous_12)","decl":{"start":{"line":165,"column":2},"end":{"line":165,"column":7}},"loc":{"start":{"line":165,"column":115},"end":{"line":180,"column":3}}},"11":{"name":"(anonymous_13)","decl":{"start":{"line":182,"column":2},"end":{"line":182,"column":7}},"loc":{"start":{"line":182,"column":112},"end":{"line":196,"column":3}}},"12":{"name":"(anonymous_14)","decl":{"start":{"line":198,"column":2},"end":{"line":198,"column":7}},"loc":{"start":{"line":198,"column":98},"end":{"line":207,"column":3}}},"13":{"name":"(anonymous_15)","decl":{"start":{"line":210,"column":2},"end":{"line":210,"column":7}},"loc":{"start":{"line":219,"column":3},"end":{"line":238,"column":3}}}},"branchMap":{"0":{"loc":{"start":{"line":4,"column":12},"end":{"line":4,"column":null}},"type":"binary-expr","locations":[{"start":{"line":4,"column":12},"end":{"line":4,"column":20}},{"start":{"line":4,"column":20},"end":{"line":4,"column":null}}]},"1":{"loc":{"start":{"line":11,"column":12},"end":{"line":11,"column":null}},"type":"binary-expr","locations":[{"start":{"line":11,"column":12},"end":{"line":11,"column":20}},{"start":{"line":11,"column":20},"end":{"line":11,"column":null}}]},"2":{"loc":{"start":{"line":57,"column":20},"end":{"line":57,"column":40}},"type":"binary-expr","locations":[{"start":{"line":57,"column":20},"end":{"line":57,"column":34}},{"start":{"line":57,"column":38},"end":{"line":57,"column":40}}]},"3":{"loc":{"start":{"line":58,"column":21},"end":{"line":58,"column":50}},"type":"binary-expr","locations":[{"start":{"line":58,"column":21},"end":{"line":58,"column":36}},{"start":{"line":58,"column":40},"end":{"line":58,"column":50}}]},"4":{"loc":{"start":{"line":66,"column":19},"end":{"line":66,"column":62}},"type":"binary-expr","locations":[{"start":{"line":66,"column":19},"end":{"line":66,"column":34}},{"start":{"line":66,"column":38},"end":{"line":66,"column":62}}]},"5":{"loc":{"start":{"line":77,"column":6},"end":{"line":89,"column":7}},"type":"switch","locations":[{"start":{"line":78,"column":8},"end":{"line":80,"column":16}},{"start":{"line":81,"column":8},"end":{"line":83,"column":16}},{"start":{"line":84,"column":8},"end":{"line":86,"column":16}},{"start":{"line":87,"column":8},"end":{"line":88,"column":54}}]},"6":{"loc":{"start":{"line":146,"column":66},"end":{"line":146,"column":87}},"type":"cond-expr","locations":[{"start":{"line":146,"column":79},"end":{"line":146,"column":82}},{"start":{"line":146,"column":85},"end":{"line":146,"column":87}}]},"7":{"loc":{"start":{"line":222,"column":4},"end":{"line":222,"column":51}},"type":"if","locations":[{"start":{"line":222,"column":4},"end":{"line":222,"column":51}},{"start":{},"end":{}}]},"8":{"loc":{"start":{"line":223,"column":4},"end":{"line":223,"column":51}},"type":"if","locations":[{"start":{"line":223,"column":4},"end":{"line":223,"column":51}},{"start":{},"end":{}}]},"9":{"loc":{"start":{"line":224,"column":4},"end":{"line":224,"column":54}},"type":"if","locations":[{"start":{"line":224,"column":4},"end":{"line":224,"column":54}},{"start":{},"end":{}}]},"10":{"loc":{"start":{"line":225,"column":4},"end":{"line":225,"column":63}},"type":"if","locations":[{"start":{"line":225,"column":4},"end":{"line":225,"column":63}},{"start":{},"end":{}}]},"11":{"loc":{"start":{"line":226,"column":4},"end":{"line":230,"column":5}},"type":"if","locations":[{"start":{"line":226,"column":4},"end":{"line":230,"column":5}},{"start":{},"end":{}}]},"12":{"loc":{"start":{"line":226,"column":8},"end":{"line":226,"column":44}},"type":"binary-expr","locations":[{"start":{"line":226,"column":8},"end":{"line":226,"column":25}},{"start":{"line":226,"column":29},"end":{"line":226,"column":44}}]},"13":{"loc":{"start":{"line":228,"column":6},"end":{"line":228,"column":69}},"type":"if","locations":[{"start":{"line":228,"column":6},"end":{"line":228,"column":69}},{"start":{},"end":{}}]},"14":{"loc":{"start":{"line":229,"column":6},"end":{"line":229,"column":65}},"type":"if","locations":[{"start":{"line":229,"column":6},"end":{"line":229,"column":65}},{"start":{},"end":{}}]},"15":{"loc":{"start":{"line":235,"column":12},"end":{"line":235,"column":32}},"type":"binary-expr","locations":[{"start":{"line":235,"column":12},"end":{"line":235,"column":25}},{"start":{"line":235,"column":29},"end":{"line":235,"column":32}}]},"16":{"loc":{"start":{"line":236,"column":12},"end":{"line":236,"column":31}},"type":"binary-expr","locations":[{"start":{"line":236,"column":12},"end":{"line":236,"column":26}},{"start":{"line":236,"column":30},"end":{"line":236,"column":31}}]},"17":{"loc":{"start":{"line":45,"column":30},"end":{"line":45,"column":46}},"type":"cond-expr","locations":[{"start":{"line":45,"column":43},"end":{"line":45,"column":46}},{"start":{"line":45,"column":43},"end":{"line":45,"column":46}}]},"18":{"loc":{"start":{"line":45,"column":30},"end":{"line":45,"column":43}},"type":"binary-expr","locations":[{"start":{"line":45,"column":30},"end":{"line":45,"column":46}},{"start":{"line":45,"column":30},"end":{"line":45,"column":43}}]}},"s":{"0":2,"1":2,"2":2,"3":2,"4":2,"5":2,"6":2,"7":2,"8":2,"9":2,"10":2,"11":2,"12":2,"13":2,"14":2,"15":2,"16":2,"17":2,"18":2,"19":2,"20":2,"21":2,"22":2,"23":2,"24":0,"25":0,"26":0,"27":0,"28":0,"29":0,"30":0,"31":0,"32":0,"33":0,"34":0,"35":0,"36":0,"37":0,"38":0,"39":0,"40":0,"41":0,"42":0,"43":0,"44":0,"45":0,"46":0,"47":0,"48":0,"49":0,"50":0,"51":0,"52":0,"53":0,"54":0,"55":0,"56":0,"57":0,"58":0,"59":0,"60":0,"61":0,"62":0,"63":0,"64":0,"65":2,"66":2},"f":{"0":2,"1":2,"2":0,"3":0,"4":0,"5":0,"6":0,"7":0,"8":0,"9":0,"10":0,"11":0,"12":0,"13":0},"b":{"0":[2,2],"1":[2,2],"2":[0,0],"3":[0,0],"4":[0,0],"5":[0,0,0,0],"6":[0,0],"7":[0,0],"8":[0,0],"9":[0,0],"10":[0,0],"11":[0,0],"12":[0,0],"13":[0,0],"14":[0,0],"15":[0,0],"16":[0,0],"17":[2,0],"18":[2,2]}}
,"C:\\Users\\julia\\Downloads\\Repositorio\\MercadoCafeteroBackend\\ecommerce-backend\\src\\logs\\logs.controller.ts": {"path":"C:\\Users\\julia\\Downloads\\Repositorio\\MercadoCafeteroBackend\\ecommerce-backend\\src\\logs\\logs.controller.ts","statementMap":{"0":{"start":{"line":1,"column":0},"end":{"line":1,"column":67}},"1":{"start":{"line":2,"column":0},"end":{"line":2,"column":60}},"2":{"start":{"line":3,"column":0},"end":{"line":3,"column":54}},"3":{"start":{"line":4,"column":0},"end":{"line":4,"column":56}},"4":{"start":{"line":5,"column":0},"end":{"line":5,"column":59}},"5":{"start":{"line":11,"column":7},"end":{"line":34,"column":null}},"6":{"start":{"line":12,"column":31},"end":{"line":12,"column":47}},"7":{"start":{"line":23,"column":21},"end":{"line":23,"column":58}},"8":{"start":{"line":24,"column":21},"end":{"line":24,"column":58}},"9":{"start":{"line":26,"column":4},"end":{"line":32,"column":7}},"10":{"start":{"line":11,"column":13},"end":{"line":11,"column":27}},"11":{"start":{"line":15,"column":8},"end":{"line":33,"column":null}},"12":{"start":{"line":11,"column":13},"end":{"line":34,"column":null}}},"fnMap":{"0":{"name":"(anonymous_4)","decl":{"start":{"line":12,"column":2},"end":{"line":12,"column":31}},"loc":{"start":{"line":12,"column":61},"end":{"line":12,"column":65}}},"1":{"name":"(anonymous_5)","decl":{"start":{"line":15,"column":8},"end":{"line":15,"column":15}},"loc":{"start":{"line":20,"column":36},"end":{"line":33,"column":3}}}},"branchMap":{"0":{"loc":{"start":{"line":23,"column":21},"end":{"line":23,"column":58}},"type":"cond-expr","locations":[{"start":{"line":23,"column":29},"end":{"line":23,"column":46}},{"start":{"line":23,"column":49},"end":{"line":23,"column":58}}]},"1":{"loc":{"start":{"line":24,"column":21},"end":{"line":24,"column":58}},"type":"cond-expr","locations":[{"start":{"line":24,"column":29},"end":{"line":24,"column":46}},{"start":{"line":24,"column":49},"end":{"line":24,"column":58}}]},"2":{"loc":{"start":{"line":30,"column":17},"end":{"line":30,"column":58}},"type":"cond-expr","locations":[{"start":{"line":30,"column":28},"end":{"line":30,"column":46}},{"start":{"line":30,"column":49},"end":{"line":30,"column":58}}]},"3":{"loc":{"start":{"line":31,"column":15},"end":{"line":31,"column":52}},"type":"cond-expr","locations":[{"start":{"line":31,"column":24},"end":{"line":31,"column":40}},{"start":{"line":31,"column":43},"end":{"line":31,"column":52}}]},"4":{"loc":{"start":{"line":12,"column":47},"end":{"line":12,"column":64}},"type":"cond-expr","locations":[{"start":{"line":12,"column":61},"end":{"line":12,"column":64}},{"start":{"line":12,"column":61},"end":{"line":12,"column":64}}]},"5":{"loc":{"start":{"line":12,"column":47},"end":{"line":12,"column":61}},"type":"binary-expr","locations":[{"start":{"line":12,"column":47},"end":{"line":12,"column":64}},{"start":{"line":12,"column":47},"end":{"line":12,"column":61}}]}},"s":{"0":0,"1":0,"2":0,"3":0,"4":0,"5":0,"6":0,"7":0,"8":0,"9":0,"10":0,"11":0,"12":0},"f":{"0":0,"1":0},"b":{"0":[0,0],"1":[0,0],"2":[0,0],"3":[0,0],"4":[0,0],"5":[0,0]}}
,"C:\\Users\\julia\\Downloads\\Repositorio\\MercadoCafeteroBackend\\ecommerce-backend\\src\\logs\\logs.module.ts": {"path":"C:\\Users\\julia\\Downloads\\Repositorio\\MercadoCafeteroBackend\\ecommerce-backend\\src\\logs\\logs.module.ts","statementMap":{"0":{"start":{"line":1,"column":0},"end":{"line":1,"column":40}},"1":{"start":{"line":2,"column":0},"end":{"line":2,"column":51}},"2":{"start":{"line":3,"column":0},"end":{"line":3,"column":45}},"3":{"start":{"line":4,"column":0},"end":{"line":4,"column":58}},"4":{"start":{"line":5,"column":0},"end":{"line":5,"column":55}},"5":{"start":{"line":12,"column":7},"end":{"line":12,"column":null}},"6":{"start":{"line":12,"column":13},"end":{"line":12,"column":23}},"7":{"start":{"line":12,"column":13},"end":{"line":12,"column":null}}},"fnMap":{},"branchMap":{},"s":{"0":0,"1":0,"2":0,"3":0,"4":0,"5":0,"6":0,"7":0},"f":{},"b":{}}
,"C:\\Users\\julia\\Downloads\\Repositorio\\MercadoCafeteroBackend\\ecommerce-backend\\src\\logs\\logs.service.ts": {"path":"C:\\Users\\julia\\Downloads\\Repositorio\\MercadoCafeteroBackend\\ecommerce-backend\\src\\logs\\logs.service.ts","statementMap":{"0":{"start":{"line":1,"column":0},"end":{"line":1,"column":44}},"1":{"start":{"line":2,"column":0},"end":{"line":2,"column":57}},"2":{"start":{"line":5,"column":7},"end":{"line":46,"column":null}},"3":{"start":{"line":6,"column":22},"end":{"line":6,"column":30}},"4":{"start":{"line":15,"column":23},"end":{"line":15,"column":25}},"5":{"start":{"line":17,"column":4},"end":{"line":19,"column":5}},"6":{"start":{"line":18,"column":6},"end":{"line":18,"column":34}},"7":{"start":{"line":21,"column":4},"end":{"line":23,"column":5}},"8":{"start":{"line":22,"column":6},"end":{"line":22,"column":34}},"9":{"start":{"line":25,"column":4},"end":{"line":27,"column":5}},"10":{"start":{"line":26,"column":6},"end":{"line":26,"column":42}},"11":{"start":{"line":29,"column":4},"end":{"line":37,"column":5}},"12":{"start":{"line":30,"column":6},"end":{"line":30,"column":27}},"13":{"start":{"line":31,"column":6},"end":{"line":33,"column":7}},"14":{"start":{"line":32,"column":8},"end":{"line":32,"column":57}},"15":{"start":{"line":34,"column":6},"end":{"line":36,"column":7}},"16":{"start":{"line":35,"column":8},"end":{"line":35,"column":55}},"17":{"start":{"line":39,"column":4},"end":{"line":44,"column":7}},"18":{"start":{"line":5,"column":13},"end":{"line":5,"column":24}},"19":{"start":{"line":5,"column":13},"end":{"line":46,"column":null}}},"fnMap":{"0":{"name":"(anonymous_2)","decl":{"start":{"line":6,"column":2},"end":{"line":6,"column":22}},"loc":{"start":{"line":6,"column":43},"end":{"line":6,"column":47}}},"1":{"name":"(anonymous_3)","decl":{"start":{"line":8,"column":2},"end":{"line":8,"column":7}},"loc":{"start":{"line":14,"column":3},"end":{"line":45,"column":3}}}},"branchMap":{"0":{"loc":{"start":{"line":17,"column":4},"end":{"line":19,"column":5}},"type":"if","locations":[{"start":{"line":17,"column":4},"end":{"line":19,"column":5}},{"start":{},"end":{}}]},"1":{"loc":{"start":{"line":21,"column":4},"end":{"line":23,"column":5}},"type":"if","locations":[{"start":{"line":21,"column":4},"end":{"line":23,"column":5}},{"start":{},"end":{}}]},"2":{"loc":{"start":{"line":25,"column":4},"end":{"line":27,"column":5}},"type":"if","locations":[{"start":{"line":25,"column":4},"end":{"line":27,"column":5}},{"start":{},"end":{}}]},"3":{"loc":{"start":{"line":29,"column":4},"end":{"line":37,"column":5}},"type":"if","locations":[{"start":{"line":29,"column":4},"end":{"line":37,"column":5}},{"start":{},"end":{}}]},"4":{"loc":{"start":{"line":29,"column":8},"end":{"line":29,"column":44}},"type":"binary-expr","locations":[{"start":{"line":29,"column":8},"end":{"line":29,"column":25}},{"start":{"line":29,"column":29},"end":{"line":29,"column":44}}]},"5":{"loc":{"start":{"line":31,"column":6},"end":{"line":33,"column":7}},"type":"if","locations":[{"start":{"line":31,"column":6},"end":{"line":33,"column":7}},{"start":{},"end":{}}]},"6":{"loc":{"start":{"line":34,"column":6},"end":{"line":36,"column":7}},"type":"if","locations":[{"start":{"line":34,"column":6},"end":{"line":36,"column":7}},{"start":{},"end":{}}]},"7":{"loc":{"start":{"line":6,"column":30},"end":{"line":6,"column":46}},"type":"cond-expr","locations":[{"start":{"line":6,"column":43},"end":{"line":6,"column":46}},{"start":{"line":6,"column":43},"end":{"line":6,"column":46}}]},"8":{"loc":{"start":{"line":6,"column":30},"end":{"line":6,"column":43}},"type":"binary-expr","locations":[{"start":{"line":6,"column":30},"end":{"line":6,"column":46}},{"start":{"line":6,"column":30},"end":{"line":6,"column":43}}]}},"s":{"0":0,"1":0,"2":0,"3":0,"4":0,"5":0,"6":0,"7":0,"8":0,"9":0,"10":0,"11":0,"12":0,"13":0,"14":0,"15":0,"16":0,"17":0,"18":0,"19":0},"f":{"0":0,"1":0},"b":{"0":[0,0],"1":[0,0],"2":[0,0],"3":[0,0],"4":[0,0],"5":[0,0],"6":[0,0],"7":[0,0],"8":[0,0]}}
,"C:\\Users\\julia\\Downloads\\Repositorio\\MercadoCafeteroBackend\\ecommerce-backend\\src\\mail\\mail.controller.ts": {"path":"C:\\Users\\julia\\Downloads\\Repositorio\\MercadoCafeteroBackend\\ecommerce-backend\\src\\mail\\mail.controller.ts","statementMap":{"0":{"start":{"line":1,"column":0},"end":{"line":1,"column":56}},"1":{"start":{"line":2,"column":0},"end":{"line":2,"column":45}},"2":{"start":{"line":5,"column":7},"end":{"line":16,"column":null}},"3":{"start":{"line":6,"column":31},"end":{"line":6,"column":44}},"4":{"start":{"line":14,"column":4},"end":{"line":14,"column":56}},"5":{"start":{"line":5,"column":13},"end":{"line":5,"column":27}},"6":{"start":{"line":9,"column":8},"end":{"line":15,"column":null}},"7":{"start":{"line":5,"column":13},"end":{"line":16,"column":null}}},"fnMap":{"0":{"name":"(anonymous_4)","decl":{"start":{"line":6,"column":2},"end":{"line":6,"column":31}},"loc":{"start":{"line":6,"column":55},"end":{"line":6,"column":59}}},"1":{"name":"(anonymous_5)","decl":{"start":{"line":9,"column":8},"end":{"line":9,"column":16}},"loc":{"start":{"line":12,"column":30},"end":{"line":15,"column":3}}}},"branchMap":{"0":{"loc":{"start":{"line":6,"column":44},"end":{"line":6,"column":58}},"type":"cond-expr","locations":[{"start":{"line":6,"column":55},"end":{"line":6,"column":58}},{"start":{"line":6,"column":55},"end":{"line":6,"column":58}}]},"1":{"loc":{"start":{"line":6,"column":44},"end":{"line":6,"column":55}},"type":"binary-expr","locations":[{"start":{"line":6,"column":44},"end":{"line":6,"column":58}},{"start":{"line":6,"column":44},"end":{"line":6,"column":55}}]}},"s":{"0":0,"1":0,"2":0,"3":0,"4":0,"5":0,"6":0,"7":0},"f":{"0":0,"1":0},"b":{"0":[0,0],"1":[0,0]}}
[...]
,"C:\\Users\\julia\\Downloads\\Repositorio\\MercadoCafeteroBackend\\ecommerce-backend\\src\\reclamos\\reclamos.module.ts": {"path":"C:\\Users\\julia\\Downloads\\Repositorio\\MercadoCafeteroBackend\\ecommerce-backend\\src\\reclamos\\reclamos.module.ts","statementMap":{"0":{"start":{"line":1,"column":0},"end":{"line":1,"column":40}},"1":{"start":{"line":2,"column":0},"end":{"line":2,"column":59}},"2":{"start":{"line":3,"column":0},"end":{"line":3,"column":53}},"3":{"start":{"line":4,"column":0},"end":{"line":4,"column":55}},"4":{"start":{"line":12,"column":7},"end":{"line":12,"column":null}},"5":{"start":{"line":12,"column":13},"end":{"line":12,"column":27}},"6":{"start":{"line":12,"column":13},"end":{"line":12,"column":null}}},"fnMap":{},"branchMap":{},"s":{"0":0,"1":0,"2":0,"3":0,"4":0,"5":0,"6":0},"f":{},"b":{}}
,"C:\\Users\\julia\\Downloads\\Repositorio\\MercadoCafeteroBackend\\ecommerce-backend\\src\\reclamos\\reclamos.service.ts": {"path":"C:\\Users\\julia\\Downloads\\Repositorio\\MercadoCafeteroBackend\\ecommerce-backend\\src\\reclamos\\reclamos.service.ts","statementMap":{"0":{"start":{"line":1,"column":0},"end":{"line":1,"column":84}},"1":{"start":{"line":2,"column":0},"end":{"line":2,"column":57}},"2":{"start":{"line":6,"column":7},"end":{"line":108,"column":null}},"3":{"start":{"line":7,"column":22},"end":{"line":7,"column":30}},"4":{"start":{"line":10,"column":33},"end":{"line":10,"column":49}},"5":{"start":{"line":13,"column":4},"end":{"line":24,"column":5}},"6":{"start":{"line":14,"column":20},"end":{"line":19,"column":8}},"7":{"start":{"line":21,"column":6},"end":{"line":23,"column":7}},"8":{"start":{"line":22,"column":8},"end":{"line":22,"column":100}},"9":{"start":{"line":26,"column":20},"end":{"line":33,"column":6}},"10":{"start":{"line":35,"column":4},"end":{"line":35,"column":19}},"11":{"start":{"line":39,"column":4},"end":{"line":51,"column":7}},"12":{"start":{"line":55,"column":20},"end":{"line":69,"column":6}},"13":{"start":{"line":71,"column":4},"end":{"line":73,"column":5}},"14":{"start":{"line":72,"column":6},"end":{"line":72,"column":59}},"15":{"start":{"line":75,"column":4},"end":{"line":75,"column":19}},"16":{"start":{"line":80,"column":4},"end":{"line":91,"column":7}},"17":{"start":{"line":95,"column":20},"end":{"line":97,"column":6}},"18":{"start":{"line":99,"column":4},"end":{"line":101,"column":5}},"19":{"start":{"line":100,"column":6},"end":{"line":100,"column":59}},"20":{"start":{"line":103,"column":4},"end":{"line":106,"column":7}},"21":{"start":{"line":6,"column":13},"end":{"line":6,"column":28}},"22":{"start":{"line":6,"column":13},"end":{"line":108,"column":null}}},"fnMap":{"0":{"name":"(anonymous_2)","decl":{"start":{"line":7,"column":2},"end":{"line":7,"column":22}},"loc":{"start":{"line":7,"column":43},"end":{"line":7,"column":47}}},"1":{"name":"(anonymous_3)","decl":{"start":{"line":9,"column":2},"end":{"line":9,"column":7}},"loc":{"start":{"line":9,"column":72},"end":{"line":36,"column":3}}},"2":{"name":"(anonymous_4)","decl":{"start":{"line":38,"column":2},"end":{"line":38,"column":7}},"loc":{"start":{"line":38,"column":41},"end":{"line":52,"column":3}}},"3":{"name":"(anonymous_5)","decl":{"start":{"line":54,"column":2},"end":{"line":54,"column":7}},"loc":{"start":{"line":54,"column":57},"end":{"line":76,"column":3}}},"4":{"name":"(anonymous_6)","decl":{"start":{"line":79,"column":2},"end":{"line":79,"column":7}},"loc":{"start":{"line":79,"column":23},"end":{"line":92,"column":3}}},"5":{"name":"(anonymous_7)","decl":{"start":{"line":94,"column":2},"end":{"line":94,"column":7}},"loc":{"start":{"line":94,"column":61},"end":{"line":107,"column":3}}}},"branchMap":{"0":{"loc":{"start":{"line":13,"column":4},"end":{"line":24,"column":5}},"type":"if","locations":[{"start":{"line":13,"column":4},"end":{"line":24,"column":5}},{"start":{},"end":{}}]},"1":{"loc":{"start":{"line":21,"column":6},"end":{"line":23,"column":7}},"type":"if","locations":[{"start":{"line":21,"column":6},"end":{"line":23,"column":7}},{"start":{},"end":{}}]},"2":{"loc":{"start":{"line":29,"column":17},"end":{"line":29,"column":32}},"type":"binary-expr","locations":[{"start":{"line":29,"column":17},"end":{"line":29,"column":24}},{"start":{"line":29,"column":28},"end":{"line":29,"column":32}}]},"3":{"loc":{"start":{"line":71,"column":4},"end":{"line":73,"column":5}},"type":"if","locations":[{"start":{"line":71,"column":4},"end":{"line":73,"column":5}},{"start":{},"end":{}}]},"4":{"loc":{"start":{"line":99,"column":4},"end":{"line":101,"column":5}},"type":"if","locations":[{"start":{"line":99,"column":4},"end":{"line":101,"column":5}},{"start":{},"end":{}}]},"5":{"loc":{"start":{"line":7,"column":30},"end":{"line":7,"column":46}},"type":"cond-expr","locations":[{"start":{"line":7,"column":43},"end":{"line":7,"column":46}},{"start":{"line":7,"column":43},"end":{"line":7,"column":46}}]},"6":{"loc":{"start":{"line":7,"column":30},"end":{"line":7,"column":43}},"type":"binary-expr","locations":[{"start":{"line":7,"column":30},"end":{"line":7,"column":46}},{"start":{"line":7,"column":30},"end":{"line":7,"column":43}}]}},"s":{"0":0,"1":0,"2":0,"3":0,"4":0,"5":0,"6":0,"7":0,"8":0,"9":0,"10":0,"11":0,"12":0,"13":0,"14":0,"15":0,"16":0,"17":0,"18":0,"19":0,"20":0,"21":0,"22":0},"f":{"0":0,"1":0,"2":0,"3":0,"4":0,"5":0},"b":{"0":[0,0],"1":[0,0],"2":[0,0],"3":[0,0],"4":[0,0],"5":[0,0],"6":[0,0]}}
,"C:\\Users\\julia\\Downloads\\Repositorio\\MercadoCafeteroBackend\\ecommerce-backend\\src\\reclamos\\dto\\create-reclamo.dto.ts": {"path":"C:\\Users\\julia\\Downloads\\Repositorio\\MercadoCafeteroBackend\\ecommerce-backend\\src\\reclamos\\dto\\create-reclamo.dto.ts","statementMap":{"0":{"start":{"line":1,"column":0},"end":{"line":1,"column":88}},"1":{"start":{"line":3,"column":0},"end":{"line":3,"column":13}},"2":{"start":{"line":6,"column":2},"end":{"line":6,"column":null}},"3":{"start":{"line":11,"column":2},"end":{"line":11,"column":null}}},"fnMap":{},"branchMap":{},"s":{"0":0,"1":0,"2":0,"3":0},"f":{},"b":{}}
,"C:\\Users\\julia\\Downloads\\Repositorio\\MercadoCafeteroBackend\\ecommerce-backend\\src\\users\\users.controller.ts": {"path":"C:\\Users\\julia\\Downloads\\Repositorio\\MercadoCafeteroBackend\\ecommerce-backend\\src\\users\\users.controller.ts","statementMap":{"0":{"start":{"line":1,"column":0},"end":{"line":1,"column":102}},"1":{"start":{"line":2,"column":0},"end":{"line":2,"column":47}},"2":{"start":{"line":3,"column":0},"end":{"line":3,"column":54}},"3":{"start":{"line":4,"column":0},"end":{"line":4,"column":60}},"4":{"start":{"line":5,"column":0},"end":{"line":5,"column":54}},"5":{"start":{"line":6,"column":0},"end":{"line":6,"column":56}},"6":{"start":{"line":7,"column":0},"end":{"line":7,"column":59}},"7":{"start":{"line":10,"column":7},"end":{"line":55,"column":null}},"8":{"start":{"line":11,"column":31},"end":{"line":11,"column":45}},"9":{"start":{"line":17,"column":4},"end":{"line":17,"column":39}},"10":{"start":{"line":24,"column":4},"end":{"line":24,"column":42}},"11":{"start":{"line":31,"column":4},"end":{"line":31,"column":46}},"12":{"start":{"line":38,"column":4},"end":{"line":38,"column":41}},"13":{"start":{"line":45,"column":19},"end":{"line":45,"column":34}},"14":{"start":{"line":46,"column":4},"end":{"line":46,"column":56}},"15":{"start":{"line":52,"column":19},"end":{"line":52,"column":34}},"16":{"start":{"line":53,"column":4},"end":{"line":53,"column":69}},"17":{"start":{"line":10,"column":13},"end":{"line":10,"column":28}},"18":{"start":{"line":16,"column":2},"end":{"line":18,"column":null}},"19":{"start":{"line":23,"column":2},"end":{"line":25,"column":null}},"20":{"start":{"line":30,"column":2},"end":{"line":32,"column":null}},"21":{"start":{"line":37,"column":2},"end":{"line":39,"column":null}},"22":{"start":{"line":44,"column":2},"end":{"line":47,"column":null}},"23":{"start":{"line":51,"column":2},"end":{"line":54,"column":null}},"24":{"start":{"line":10,"column":13},"end":{"line":55,"column":null}}},"fnMap":{"0":{"name":"(anonymous_4)","decl":{"start":{"line":11,"column":2},"end":{"line":11,"column":31}},"loc":{"start":{"line":11,"column":57},"end":{"line":11,"column":61}}},"1":{"name":"(anonymous_5)","decl":{"start":{"line":16,"column":2},"end":{"line":16,"column":9}},"loc":{"start":{"line":16,"column":9},"end":{"line":18,"column":3}}},"2":{"name":"(anonymous_6)","decl":{"start":{"line":23,"column":2},"end":{"line":23,"column":9}},"loc":{"start":{"line":23,"column":33},"end":{"line":25,"column":3}}},"3":{"name":"(anonymous_7)","decl":{"start":{"line":30,"column":2},"end":{"line":30,"column":8}},"loc":{"start":{"line":30,"column":60},"end":{"line":32,"column":3}}},"4":{"name":"(anonymous_8)","decl":{"start":{"line":37,"column":2},"end":{"line":37,"column":8}},"loc":{"start":{"line":37,"column":32},"end":{"line":39,"column":3}}},"5":{"name":"(anonymous_9)","decl":{"start":{"line":44,"column":2},"end":{"line":44,"column":20}},"loc":{"start":{"line":44,"column":35},"end":{"line":47,"column":3}}},"6":{"name":"(anonymous_10)","decl":{"start":{"line":51,"column":2},"end":{"line":51,"column":23}},"loc":{"start":{"line":51,"column":82},"end":{"line":54,"column":3}}}},"branchMap":{"0":{"loc":{"start":{"line":30,"column":47},"end":{"line":30,"column":null}},"type":"cond-expr","locations":[{"start":{"line":30,"column":60},"end":{"line":30,"column":null}},{"start":{"line":30,"column":60},"end":{"line":30,"column":null}}]},"1":{"loc":{"start":{"line":30,"column":47},"end":{"line":30,"column":60}},"type":"binary-expr","locations":[{"start":{"line":30,"column":47},"end":{"line":30,"column":null}},{"start":{"line":30,"column":47},"end":{"line":30,"column":60}}]},"2":{"loc":{"start":{"line":51,"column":66},"end":{"line":51,"column":null}},"type":"cond-expr","locations":[{"start":{"line":51,"column":82},"end":{"line":51,"column":null}},{"start":{"line":51,"column":82},"end":{"line":51,"column":null}}]},"3":{"loc":{"start":{"line":51,"column":66},"end":{"line":51,"column":82}},"type":"binary-expr","locations":[{"start":{"line":51,"column":66},"end":{"line":51,"column":null}},{"start":{"line":51,"column":66},"end":{"line":51,"column":82}}]},"4":{"loc":{"start":{"line":11,"column":45},"end":{"line":11,"column":60}},"type":"cond-expr","locations":[{"start":{"line":11,"column":57},"end":{"line":11,"column":60}},{"start":{"line":11,"column":57},"end":{"line":11,"column":60}}]},"5":{"loc":{"start":{"line":11,"column":45},"end":{"line":11,"column":57}},"type":"binary-expr","locations":[{"start":{"line":11,"column":45},"end":{"line":11,"column":60}},{"start":{"line":11,"column":45},"end":{"line":11,"column":57}}]}},"s":{"0":0,"1":0,"2":0,"3":0,"4":0,"5":0,"6":0,"7":0,"8":0,"9":0,"10":0,"11":0,"12":0,"13":0,"14":0,"15":0,"16":0,"17":0,"18":0,"19":0,"20":0,"21":0,"22":0,"23":0,"24":0},"f":{"0":0,"1":0,"2":0,"3":0,"4":0,"5":0,"6":0},"b":{"0":[0,0],"1":[0,0],"2":[0,0],"3":[0,0],"4":[0,0],"5":[0,0]}}
,"C:\\Users\\julia\\Downloads\\Repositorio\\MercadoCafeteroBackend\\ecommerce-backend\\src\\users\\users.module.ts": {"path":"C:\\Users\\julia\\Downloads\\Repositorio\\MercadoCafeteroBackend\\ecommerce-backend\\src\\users\\users.module.ts","statementMap":{"0":{"start":{"line":1,"column":0},"end":{"line":1,"column":40}},"1":{"start":{"line":2,"column":0},"end":{"line":2,"column":47}},"2":{"start":{"line":3,"column":0},"end":{"line":3,"column":53}},"3":{"start":{"line":4,"column":0},"end":{"line":4,"column":55}},"4":{"start":{"line":12,"column":7},"end":{"line":12,"column":null}},"5":{"start":{"line":12,"column":13},"end":{"line":12,"column":24}},"6":{"start":{"line":12,"column":13},"end":{"line":12,"column":null}}},"fnMap":{},"branchMap":{},"s":{"0":0,"1":0,"2":0,"3":0,"4":0,"5":0,"6":0},"f":{},"b":{}}
,"C:\\Users\\julia\\Downloads\\Repositorio\\MercadoCafeteroBackend\\ecommerce-backend\\src\\users\\users.service.ts": {"path":"C:\\Users\\julia\\Downloads\\Repositorio\\MercadoCafeteroBackend\\ecommerce-backend\\src\\users\\users.service.ts","statementMap":{"0":{"start":{"line":1,"column":0},"end":{"line":1,"column":84}},"1":{"start":{"line":2,"column":0},"end":{"line":2,"column":57}},"2":{"start":{"line":6,"column":7},"end":{"line":140,"column":null}},"3":{"start":{"line":7,"column":22},"end":{"line":7,"column":30}},"4":{"start":{"line":10,"column":4},"end":{"line":21,"column":7}},"5":{"start":{"line":25,"column":17},"end":{"line":37,"column":6}},"6":{"start":{"line":38,"column":4},"end":{"line":38,"column":68}},"7":{"start":{"line":38,"column":15},"end":{"line":38,"column":68}},"8":{"start":{"line":39,"column":4},"end":{"line":39,"column":16}},"9":{"start":{"line":43,"column":17},"end":{"line":43,"column":69}},"10":{"start":{"line":44,"column":4},"end":{"line":44,"column":68}},"11":{"start":{"line":44,"column":15},"end":{"line":44,"column":68}},"12":{"start":{"line":46,"column":4},"end":{"line":59,"column":7}},"13":{"start":{"line":63,"column":17},"end":{"line":63,"column":69}},"14":{"start":{"line":64,"column":4},"end":{"line":64,"column":68}},"15":{"start":{"line":64,"column":15},"end":{"line":64,"column":68}},"16":{"start":{"line":66,"column":4},"end":{"line":76,"column":7}},"17":{"start":{"line":81,"column":17},"end":{"line":83,"column":6}},"18":{"start":{"line":85,"column":4},"end":{"line":87,"column":5}},"19":{"start":{"line":86,"column":6},"end":{"line":86,"column":59}},"20":{"start":{"line":89,"column":4},"end":{"line":103,"column":7}},"21":{"start":{"line":107,"column":17},"end":{"line":126,"column":6}},"22":{"start":{"line":128,"column":4},"end":{"line":130,"column":5}},"23":{"start":{"line":129,"column":6},"end":{"line":129,"column":59}},"24":{"start":{"line":132,"column":4},"end":{"line":138,"column":6}},"25":{"start":{"line":6,"column":13},"end":{"line":6,"column":25}},"26":{"start":{"line":6,"column":13},"end":{"line":140,"column":null}}},"fnMap":{"0":{"name":"(anonymous_2)","decl":{"start":{"line":7,"column":2},"end":{"line":7,"column":22}},"loc":{"start":{"line":7,"column":43},"end":{"line":7,"column":47}}},"1":{"name":"(anonymous_3)","decl":{"start":{"line":9,"column":2},"end":{"line":9,"column":7}},"loc":{"start":{"line":9,"column":15},"end":{"line":22,"column":3}}},"2":{"name":"(anonymous_4)","decl":{"start":{"line":24,"column":2},"end":{"line":24,"column":7}},"loc":{"start":{"line":24,"column":26},"end":{"line":40,"column":3}}},"3":{"name":"(anonymous_5)","decl":{"start":{"line":42,"column":2},"end":{"line":42,"column":7}},"loc":{"start":{"line":42,"column":45},"end":{"line":60,"column":3}}},"4":{"name":"(anonymous_6)","decl":{"start":{"line":62,"column":2},"end":{"line":62,"column":7}},"loc":{"start":{"line":62,"column":25},"end":{"line":77,"column":3}}},"5":{"name":"(anonymous_7)","decl":{"start":{"line":80,"column":2},"end":{"line":80,"column":7}},"loc":{"start":{"line":80,"column":108},"end":{"line":104,"column":3}}},"6":{"name":"(anonymous_8)","decl":{"start":{"line":106,"column":2},"end":{"line":106,"column":7}},"loc":{"start":{"line":106,"column":41},"end":{"line":139,"column":3}}}},"branchMap":{"0":{"loc":{"start":{"line":38,"column":4},"end":{"line":38,"column":68}},"type":"if","locations":[{"start":{"line":38,"column":4},"end":{"line":38,"column":68}},{"start":{},"end":{}}]},"1":{"loc":{"start":{"line":44,"column":4},"end":{"line":44,"column":68}},"type":"if","locations":[{"start":{"line":44,"column":4},"end":{"line":44,"column":68}},{"start":{},"end":{}}]},"2":{"loc":{"start":{"line":64,"column":4},"end":{"line":64,"column":68}},"type":"if","locations":[{"start":{"line":64,"column":4},"end":{"line":64,"column":68}},{"start":{},"end":{}}]},"3":{"loc":{"start":{"line":85,"column":4},"end":{"line":87,"column":5}},"type":"if","locations":[{"start":{"line":85,"column":4},"end":{"line":87,"column":5}},{"start":{},"end":{}}]},"4":{"loc":{"start":{"line":128,"column":4},"end":{"line":130,"column":5}},"type":"if","locations":[{"start":{"line":128,"column":4},"end":{"line":130,"column":5}},{"start":{},"end":{}}]},"5":{"loc":{"start":{"line":7,"column":30},"end":{"line":7,"column":46}},"type":"cond-expr","locations":[{"start":{"line":7,"column":43},"end":{"line":7,"column":46}},{"start":{"line":7,"column":43},"end":{"line":7,"column":46}}]},"6":{"loc":{"start":{"line":7,"column":30},"end":{"line":7,"column":43}},"type":"binary-expr","locations":[{"start":{"line":7,"column":30},"end":{"line":7,"column":46}},{"start":{"line":7,"column":30},"end":{"line":7,"column":43}}]}},"s":{"0":1,"1":1,"2":1,"3":0,"4":0,"5":0,"6":0,"7":0,"8":0,"9":0,"10":0,"11":0,"12":0,"13":0,"14":0,"15":0,"16":0,"17":0,"18":0,"19":0,"20":0,"21":0,"22":0,"23":0,"24":0,"25":1,"26":1},"f":{"0":0,"1":0,"2":0,"3":0,"4":0,"5":0,"6":0},"b":{"0":[0,0],"1":[0,0],"2":[0,0],"3":[0,0],"4":[0,0],"5":[1,0],"6":[1,1]}}
,"C:\\Users\\julia\\Downloads\\Repositorio\\MercadoCafeteroBackend\\ecommerce-backend\\src\\users\\dto\\update-profile.dto.ts": {"path":"C:\\Users\\julia\\Downloads\\Repositorio\\MercadoCafeteroBackend\\ecommerce-backend\\src\\users\\dto\\update-profile.dto.ts","statementMap":{"0":{"start":{"line":1,"column":0},"end":{"line":1,"column":78}},"1":{"start":{"line":3,"column":0},"end":{"line":3,"column":13}},"2":{"start":{"line":8,"column":2},"end":{"line":8,"column":null}},"3":{"start":{"line":14,"column":2},"end":{"line":14,"column":null}},"4":{"start":{"line":20,"column":2},"end":{"line":20,"column":null}}},"fnMap":{},"branchMap":{},"s":{"0":0,"1":0,"2":0,"3":0,"4":0},"f":{},"b":{}}
,"C:\\Users\\julia\\Downloads\\Repositorio\\MercadoCafeteroBackend\\ecommerce-backend\\src\\users\\dto\\update-user.dto.ts": {"path":"C:\\Users\\julia\\Downloads\\Repositorio\\MercadoCafeteroBackend\\ecommerce-backend\\src\\users\\dto\\update-user.dto.ts","statementMap":{"0":{"start":{"line":1,"column":0},"end":{"line":1,"column":75}},"1":{"start":{"line":3,"column":0},"end":{"line":3,"column":13}},"2":{"start":{"line":6,"column":2},"end":{"line":6,"column":null}},"3":{"start":{"line":10,"column":2},"end":{"line":10,"column":null}},"4":{"start":{"line":14,"column":2},"end":{"line":14,"column":null}},"5":{"start":{"line":18,"column":2},"end":{"line":18,"column":null}},"6":{"start":{"line":22,"column":2},"end":{"line":22,"column":null}}},"fnMap":{},"branchMap":{},"s":{"0":0,"1":0,"2":0,"3":0,"4":0,"5":0,"6":0},"f":{},"b":{}}
}
